{"C:\\promtwars\\src\\App.tsx": {"path":"C:\\promtwars\\src\\App.tsx","statementMap":{"0":{"start":{"line":11,"column":17},"end":{"line":11,"column":null}},"1":{"start":{"line":11,"column":34},"end":{"line":11,"column":null}},"2":{"start":{"line":12,"column":22},"end":{"line":12,"column":null}},"3":{"start":{"line":12,"column":39},"end":{"line":12,"column":null}},"4":{"start":{"line":13,"column":24},"end":{"line":13,"column":null}},"5":{"start":{"line":13,"column":41},"end":{"line":13,"column":null}},"6":{"start":{"line":14,"column":20},"end":{"line":14,"column":null}},"7":{"start":{"line":14,"column":37},"end":{"line":14,"column":null}},"8":{"start":{"line":15,"column":16},"end":{"line":15,"column":null}},"9":{"start":{"line":15,"column":33},"end":{"line":15,"column":null}},"10":{"start":{"line":16,"column":25},"end":{"line":16,"column":null}},"11":{"start":{"line":16,"column":42},"end":{"line":16,"column":null}},"12":{"start":{"line":17,"column":19},"end":{"line":17,"column":null}},"13":{"start":{"line":17,"column":36},"end":{"line":17,"column":null}},"14":{"start":{"line":18,"column":27},"end":{"line":18,"column":null}},"15":{"start":{"line":18,"column":44},"end":{"line":18,"column":null}},"16":{"start":{"line":21,"column":18},"end":{"line":21,"column":null}},"17":{"start":{"line":23,"column":25},"end":{"line":29,"column":null}},"18":{"start":{"line":24,"column":4},"end":{"line":24,"column":null}},"19":{"start":{"line":25,"column":24},"end":{"line":25,"column":null}},"20":{"start":{"line":26,"column":22},"end":{"line":26,"column":null}},"21":{"start":{"line":27,"column":4},"end":{"line":27,"column":null}},"22":{"start":{"line":28,"column":4},"end":{"line":28,"column":null}},"23":{"start":{"line":31,"column":28},"end":{"line":33,"column":null}},"24":{"start":{"line":32,"column":4},"end":{"line":32,"column":null}},"25":{"start":{"line":35,"column":2},"end":{"line":111,"column":null}}},"fnMap":{"0":{"name":"(anonymous_0)","decl":{"start":{"line":11,"column":28},"end":{"line":11,"column":34}},"loc":{"start":{"line":11,"column":34},"end":{"line":11,"column":null}},"line":11},"1":{"name":"(anonymous_1)","decl":{"start":{"line":12,"column":33},"end":{"line":12,"column":39}},"loc":{"start":{"line":12,"column":39},"end":{"line":12,"column":null}},"line":12},"2":{"name":"(anonymous_2)","decl":{"start":{"line":13,"column":35},"end":{"line":13,"column":41}},"loc":{"start":{"line":13,"column":41},"end":{"line":13,"column":null}},"line":13},"3":{"name":"(anonymous_3)","decl":{"start":{"line":14,"column":31},"end":{"line":14,"column":37}},"loc":{"start":{"line":14,"column":37},"end":{"line":14,"column":null}},"line":14},"4":{"name":"(anonymous_4)","decl":{"start":{"line":15,"column":27},"end":{"line":15,"column":33}},"loc":{"start":{"line":15,"column":33},"end":{"line":15,"column":null}},"line":15},"5":{"name":"(anonymous_5)","decl":{"start":{"line":16,"column":36},"end":{"line":16,"column":42}},"loc":{"start":{"line":16,"column":42},"end":{"line":16,"column":null}},"line":16},"6":{"name":"(anonymous_6)","decl":{"start":{"line":17,"column":30},"end":{"line":17,"column":36}},"loc":{"start":{"line":17,"column":36},"end":{"line":17,"column":null}},"line":17},"7":{"name":"(anonymous_7)","decl":{"start":{"line":18,"column":38},"end":{"line":18,"column":44}},"loc":{"start":{"line":18,"column":44},"end":{"line":18,"column":null}},"line":18},"8":{"name":"App","decl":{"start":{"line":20,"column":9},"end":{"line":20,"column":15}},"loc":{"start":{"line":20,"column":15},"end":{"line":113,"column":null}},"line":20},"9":{"name":"(anonymous_9)","decl":{"start":{"line":23,"column":25},"end":{"line":23,"column":31}},"loc":{"start":{"line":23,"column":31},"end":{"line":29,"column":null}},"line":23},"10":{"name":"(anonymous_10)","decl":{"start":{"line":31,"column":28},"end":{"line":31,"column":34}},"loc":{"start":{"line":31,"column":34},"end":{"line":33,"column":null}},"line":31}},"branchMap":{"0":{"loc":{"start":{"line":25,"column":24},"end":{"line":25,"column":null}},"type":"binary-expr","locations":[{"start":{"line":25,"column":24},"end":{"line":25,"column":69}},{"start":{"line":25,"column":69},"end":{"line":25,"column":null}}],"line":25}},"s":{"0":1,"1":1,"2":1,"3":0,"4":1,"5":0,"6":1,"7":0,"8":1,"9":0,"10":1,"11":0,"12":1,"13":0,"14":1,"15":0,"16":2,"17":2,"18":0,"19":0,"20":0,"21":0,"22":0,"23":2,"24":0,"25":2},"f":{"0":1,"1":0,"2":0,"3":0,"4":0,"5":0,"6":0,"7":0,"8":2,"9":0,"10":0},"b":{"0":[0,0]},"meta":{"lastBranch":1,"lastFunction":11,"lastStatement":26,"seen":{"s:11:17:11:Infinity":0,"f:11:28:11:34":0,"s:11:34:11:Infinity":1,"s:12:22:12:Infinity":2,"f:12:33:12:39":1,"s:12:39:12:Infinity":3,"s:13:24:13:Infinity":4,"f:13:35:13:41":2,"s:13:41:13:Infinity":5,"s:14:20:14:Infinity":6,"f:14:31:14:37":3,"s:14:37:14:Infinity":7,"s:15:16:15:Infinity":8,"f:15:27:15:33":4,"s:15:33:15:Infinity":9,"s:16:25:16:Infinity":10,"f:16:36:16:42":5,"s:16:42:16:Infinity":11,"s:17:19:17:Infinity":12,"f:17:30:17:36":6,"s:17:36:17:Infinity":13,"s:18:27:18:Infinity":14,"f:18:38:18:44":7,"s:18:44:18:Infinity":15,"f:20:9:20:15":8,"s:21:18:21:Infinity":16,"s:23:25:29:Infinity":17,"f:23:25:23:31":9,"s:24:4:24:Infinity":18,"s:25:24:25:Infinity":19,"b:25:24:25:69:25:69:25:Infinity":0,"s:26:22:26:Infinity":20,"s:27:4:27:Infinity":21,"s:28:4:28:Infinity":22,"s:31:28:33:Infinity":23,"f:31:28:31:34":10,"s:32:4:32:Infinity":24,"s:35:2:111:Infinity":25},"fnNames":{}}}
,"C:\\promtwars\\src\\firebase.ts": {"path":"C:\\promtwars\\src\\firebase.ts","statementMap":{"0":{"start":{"line":4,"column":23},"end":{"line":11,"column":null}},"1":{"start":{"line":13,"column":12},"end":{"line":13,"column":null}},"2":{"start":{"line":14,"column":13},"end":{"line":14,"column":null}}},"fnMap":{},"branchMap":{"0":{"loc":{"start":{"line":13,"column":12},"end":{"line":13,"column":null}},"type":"cond-expr","locations":[{"start":{"line":13,"column":23},"end":{"line":13,"column":64}},{"start":{"line":13,"column":60},"end":{"line":13,"column":null}}],"line":13}},"s":{"0":3,"1":3,"2":3},"f":{},"b":{"0":[3,0]},"meta":{"lastBranch":1,"lastFunction":0,"lastStatement":3,"seen":{"s:4:23:11:Infinity":0,"s:13:12:13:Infinity":1,"b:13:23:13:64:13:60:13:Infinity":0,"s:14:13:14:Infinity":2},"fnNames":{}}}
,"C:\\promtwars\\src\\i18n.ts": {"path":"C:\\promtwars\\src\\i18n.ts","statementMap":{"0":{"start":{"line":10,"column":51},"end":{"line":34,"column":null}},"1":{"start":{"line":36,"column":11},"end":{"line":140,"column":null}},"2":{"start":{"line":142,"column":11},"end":{"line":242,"column":null}},"3":{"start":{"line":244,"column":11},"end":{"line":265,"column":null}},"4":{"start":{"line":267,"column":75},"end":{"line":271,"column":null}},"5":{"start":{"line":274,"column":0},"end":{"line":293,"column":null}},"6":{"start":{"line":275,"column":2},"end":{"line":292,"column":null}},"7":{"start":{"line":277,"column":4},"end":{"line":291,"column":null}},"8":{"start":{"line":278,"column":6},"end":{"line":283,"column":null}},"9":{"start":{"line":285,"column":6},"end":{"line":290,"column":null}},"10":{"start":{"line":295,"column":0},"end":{"line":304,"column":null}}},"fnMap":{"0":{"name":"(anonymous_0)","decl":{"start":{"line":274,"column":28},"end":{"line":274,"column":36}},"loc":{"start":{"line":274,"column":36},"end":{"line":293,"column":1}},"line":274}},"branchMap":{"0":{"loc":{"start":{"line":275,"column":2},"end":{"line":292,"column":null}},"type":"if","locations":[{"start":{"line":275,"column":2},"end":{"line":292,"column":null}},{"start":{},"end":{}}],"line":275},"1":{"loc":{"start":{"line":277,"column":4},"end":{"line":291,"column":null}},"type":"if","locations":[{"start":{"line":277,"column":4},"end":{"line":291,"column":null}},{"start":{"line":284,"column":11},"end":{"line":291,"column":null}}],"line":277}},"s":{"0":2,"1":2,"2":2,"3":2,"4":2,"5":2,"6":46,"7":40,"8":14,"9":26,"10":2},"f":{"0":46},"b":{"0":[40,6],"1":[14,26]},"meta":{"lastBranch":2,"lastFunction":1,"lastStatement":11,"seen":{"s:10:51:34:Infinity":0,"s:36:11:140:Infinity":1,"s:142:11:242:Infinity":2,"s:244:11:265:Infinity":3,"s:267:75:271:Infinity":4,"s:274:0:293:Infinity":5,"f:274:28:274:36":0,"b:275:2:292:Infinity:undefined:undefined:undefined:undefined":0,"s:275:2:292:Infinity":6,"b:277:4:291:Infinity:284:11:291:Infinity":1,"s:277:4:291:Infinity":7,"s:278:6:283:Infinity":8,"s:285:6:290:Infinity":9,"s:295:0:304:Infinity":10},"fnNames":{}}}
,"C:\\promtwars\\src\\components\\BhashiniLanguageBar.tsx": {"path":"C:\\promtwars\\src\\components\\BhashiniLanguageBar.tsx","statementMap":{"0":{"start":{"line":7,"column":15},"end":{"line":7,"column":null}},"1":{"start":{"line":9,"column":2},"end":{"line":50,"column":null}},"2":{"start":{"line":15,"column":31},"end":{"line":15,"column":null}},"3":{"start":{"line":16,"column":12},"end":{"line":30,"column":null}},"4":{"start":{"line":19,"column":31},"end":{"line":19,"column":null}}},"fnMap":{"0":{"name":"BhashiniLanguageBar","decl":{"start":{"line":6,"column":24},"end":{"line":6,"column":46}},"loc":{"start":{"line":6,"column":46},"end":{"line":52,"column":null}},"line":6},"1":{"name":"(anonymous_1)","decl":{"start":{"line":14,"column":35},"end":{"line":14,"column":36}},"loc":{"start":{"line":14,"column":45},"end":{"line":32,"column":11}},"line":14},"2":{"name":"(anonymous_2)","decl":{"start":{"line":19,"column":25},"end":{"line":19,"column":31}},"loc":{"start":{"line":19,"column":31},"end":{"line":19,"column":null}},"line":19}},"branchMap":{"0":{"loc":{"start":{"line":24,"column":18},"end":{"line":26,"column":null}},"type":"cond-expr","locations":[{"start":{"line":25,"column":22},"end":{"line":25,"column":null}},{"start":{"line":26,"column":22},"end":{"line":26,"column":null}}],"line":24}},"s":{"0":2,"1":2,"2":46,"3":46,"4":0},"f":{"0":2,"1":46,"2":0},"b":{"0":[2,44]},"meta":{"lastBranch":1,"lastFunction":3,"lastStatement":5,"seen":{"f:6:24:6:46":0,"s:7:15:7:Infinity":0,"s:9:2:50:Infinity":1,"f:14:35:14:36":1,"s:15:31:15:Infinity":2,"s:16:12:30:Infinity":3,"f:19:25:19:31":2,"s:19:31:19:Infinity":4,"b:25:22:25:Infinity:26:22:26:Infinity":0},"fnNames":{}}}
,"C:\\promtwars\\src\\components\\GlobalChatbot.tsx": {"path":"C:\\promtwars\\src\\components\\GlobalChatbot.tsx","statementMap":{"0":{"start":{"line":13,"column":26},"end":{"line":13,"column":null}},"1":{"start":{"line":14,"column":30},"end":{"line":14,"column":null}},"2":{"start":{"line":15,"column":24},"end":{"line":15,"column":null}},"3":{"start":{"line":16,"column":30},"end":{"line":16,"column":null}},"4":{"start":{"line":18,"column":15},"end":{"line":18,"column":null}},"5":{"start":{"line":19,"column":8},"end":{"line":19,"column":null}},"6":{"start":{"line":20,"column":8},"end":{"line":20,"column":null}},"7":{"start":{"line":24,"column":25},"end":{"line":26,"column":null}},"8":{"start":{"line":25,"column":4},"end":{"line":25,"column":null}},"9":{"start":{"line":28,"column":2},"end":{"line":32,"column":null}},"10":{"start":{"line":29,"column":4},"end":{"line":31,"column":null}},"11":{"start":{"line":30,"column":6},"end":{"line":30,"column":null}},"12":{"start":{"line":35,"column":2},"end":{"line":45,"column":null}},"13":{"start":{"line":36,"column":27},"end":{"line":41,"column":null}},"14":{"start":{"line":37,"column":26},"end":{"line":37,"column":null}},"15":{"start":{"line":38,"column":34},"end":{"line":38,"column":null}},"16":{"start":{"line":39,"column":6},"end":{"line":39,"column":null}},"17":{"start":{"line":40,"column":6},"end":{"line":40,"column":null}},"18":{"start":{"line":43,"column":4},"end":{"line":43,"column":null}},"19":{"start":{"line":44,"column":4},"end":{"line":44,"column":null}},"20":{"start":{"line":44,"column":17},"end":{"line":44,"column":null}},"21":{"start":{"line":47,"column":22},"end":{"line":47,"column":null}},"22":{"start":{"line":48,"column":26},"end":{"line":48,"column":null}},"23":{"start":{"line":49,"column":38},"end":{"line":49,"column":null}},"24":{"start":{"line":51,"column":21},"end":{"line":55,"column":null}},"25":{"start":{"line":52,"column":4},"end":{"line":52,"column":null}},"26":{"start":{"line":53,"column":4},"end":{"line":53,"column":null}},"27":{"start":{"line":54,"column":4},"end":{"line":54,"column":null}},"28":{"start":{"line":57,"column":32},"end":{"line":65,"column":null}},"29":{"start":{"line":58,"column":17},"end":{"line":58,"column":null}},"30":{"start":{"line":59,"column":4},"end":{"line":59,"column":null}},"31":{"start":{"line":59,"column":35},"end":{"line":59,"column":null}},"32":{"start":{"line":60,"column":4},"end":{"line":60,"column":null}},"33":{"start":{"line":60,"column":43},"end":{"line":60,"column":null}},"34":{"start":{"line":61,"column":4},"end":{"line":61,"column":null}},"35":{"start":{"line":61,"column":32},"end":{"line":61,"column":null}},"36":{"start":{"line":62,"column":4},"end":{"line":62,"column":null}},"37":{"start":{"line":62,"column":31},"end":{"line":62,"column":null}},"38":{"start":{"line":63,"column":4},"end":{"line":63,"column":null}},"39":{"start":{"line":63,"column":44},"end":{"line":63,"column":null}},"40":{"start":{"line":64,"column":4},"end":{"line":64,"column":null}},"41":{"start":{"line":67,"column":21},"end":{"line":126,"column":null}},"42":{"start":{"line":68,"column":4},"end":{"line":68,"column":null}},"43":{"start":{"line":68,"column":22},"end":{"line":68,"column":null}},"44":{"start":{"line":70,"column":4},"end":{"line":75,"column":null}},"45":{"start":{"line":71,"column":6},"end":{"line":71,"column":null}},"46":{"start":{"line":72,"column":33},"end":{"line":72,"column":null}},"47":{"start":{"line":73,"column":6},"end":{"line":73,"column":null}},"48":{"start":{"line":73,"column":26},"end":{"line":73,"column":46}},"49":{"start":{"line":74,"column":6},"end":{"line":74,"column":null}},"50":{"start":{"line":77,"column":29},"end":{"line":77,"column":null}},"51":{"start":{"line":78,"column":24},"end":{"line":78,"column":null}},"52":{"start":{"line":79,"column":4},"end":{"line":79,"column":null}},"53":{"start":{"line":80,"column":4},"end":{"line":80,"column":null}},"54":{"start":{"line":81,"column":4},"end":{"line":81,"column":null}},"55":{"start":{"line":83,"column":4},"end":{"line":125,"column":null}},"56":{"start":{"line":84,"column":32},"end":{"line":84,"column":null}},"57":{"start":{"line":86,"column":23},"end":{"line":91,"column":null}},"58":{"start":{"line":87,"column":21},"end":{"line":87,"column":93}},"59":{"start":{"line":88,"column":19},"end":{"line":91,"column":10}},"60":{"start":{"line":93,"column":18},"end":{"line":100,"column":null}},"61":{"start":{"line":102,"column":6},"end":{"line":104,"column":null}},"62":{"start":{"line":103,"column":8},"end":{"line":103,"column":null}},"63":{"start":{"line":106,"column":19},"end":{"line":106,"column":null}},"64":{"start":{"line":107,"column":24},"end":{"line":107,"column":null}},"65":{"start":{"line":109,"column":29},"end":{"line":109,"column":null}},"66":{"start":{"line":110,"column":6},"end":{"line":110,"column":null}},"67":{"start":{"line":110,"column":26},"end":{"line":110,"column":42}},"68":{"start":{"line":112,"column":6},"end":{"line":117,"column":null}},"69":{"start":{"line":113,"column":8},"end":{"line":113,"column":null}},"70":{"start":{"line":114,"column":26},"end":{"line":114,"column":null}},"71":{"start":{"line":115,"column":8},"end":{"line":115,"column":null}},"72":{"start":{"line":116,"column":8},"end":{"line":116,"column":null}},"73":{"start":{"line":120,"column":6},"end":{"line":120,"column":null}},"74":{"start":{"line":121,"column":32},"end":{"line":121,"column":null}},"75":{"start":{"line":122,"column":6},"end":{"line":122,"column":null}},"76":{"start":{"line":122,"column":26},"end":{"line":122,"column":45}},"77":{"start":{"line":124,"column":6},"end":{"line":124,"column":null}},"78":{"start":{"line":128,"column":2},"end":{"line":258,"column":null}},"79":{"start":{"line":138,"column":37},"end":{"line":138,"column":69}},"80":{"start":{"line":141,"column":37},"end":{"line":141,"column":55}},"81":{"start":{"line":160,"column":37},"end":{"line":160,"column":null}},"82":{"start":{"line":163,"column":22},"end":{"line":165,"column":null}},"83":{"start":{"line":164,"column":24},"end":{"line":164,"column":null}},"84":{"start":{"line":169,"column":35},"end":{"line":169,"column":null}},"85":{"start":{"line":186,"column":20},"end":{"line":192,"column":null}},"86":{"start":{"line":188,"column":37},"end":{"line":188,"column":null}},"87":{"start":{"line":199,"column":14},"end":{"line":207,"column":null}},"88":{"start":{"line":224,"column":33},"end":{"line":224,"column":53}},"89":{"start":{"line":224,"column":53},"end":{"line":224,"column":72}},"90":{"start":{"line":232,"column":33},"end":{"line":232,"column":null}},"91":{"start":{"line":250,"column":25},"end":{"line":250,"column":null}}},"fnMap":{"0":{"name":"GlobalChatbot","decl":{"start":{"line":12,"column":24},"end":{"line":12,"column":40}},"loc":{"start":{"line":12,"column":40},"end":{"line":260,"column":null}},"line":12},"1":{"name":"(anonymous_1)","decl":{"start":{"line":24,"column":25},"end":{"line":24,"column":31}},"loc":{"start":{"line":24,"column":31},"end":{"line":26,"column":null}},"line":24},"2":{"name":"(anonymous_2)","decl":{"start":{"line":28,"column":12},"end":{"line":28,"column":18}},"loc":{"start":{"line":28,"column":18},"end":{"line":32,"column":5}},"line":28},"3":{"name":"(anonymous_3)","decl":{"start":{"line":35,"column":12},"end":{"line":35,"column":18}},"loc":{"start":{"line":35,"column":18},"end":{"line":45,"column":5}},"line":35},"4":{"name":"(anonymous_4)","decl":{"start":{"line":36,"column":27},"end":{"line":36,"column":28}},"loc":{"start":{"line":36,"column":41},"end":{"line":41,"column":null}},"line":36},"5":{"name":"(anonymous_5)","decl":{"start":{"line":44,"column":11},"end":{"line":44,"column":17}},"loc":{"start":{"line":44,"column":17},"end":{"line":44,"column":null}},"line":44},"6":{"name":"(anonymous_6)","decl":{"start":{"line":51,"column":21},"end":{"line":51,"column":22}},"loc":{"start":{"line":51,"column":38},"end":{"line":55,"column":null}},"line":51},"7":{"name":"(anonymous_7)","decl":{"start":{"line":57,"column":32},"end":{"line":57,"column":38}},"loc":{"start":{"line":57,"column":38},"end":{"line":65,"column":null}},"line":57},"8":{"name":"(anonymous_8)","decl":{"start":{"line":67,"column":21},"end":{"line":67,"column":28}},"loc":{"start":{"line":67,"column":68},"end":{"line":126,"column":null}},"line":67},"9":{"name":"(anonymous_9)","decl":{"start":{"line":73,"column":18},"end":{"line":73,"column":26}},"loc":{"start":{"line":73,"column":26},"end":{"line":73,"column":46}},"line":73},"10":{"name":"(anonymous_10)","decl":{"start":{"line":87,"column":16},"end":{"line":87,"column":21}},"loc":{"start":{"line":87,"column":21},"end":{"line":87,"column":93}},"line":87},"11":{"name":"(anonymous_11)","decl":{"start":{"line":88,"column":13},"end":{"line":88,"column":19}},"loc":{"start":{"line":88,"column":19},"end":{"line":91,"column":10}},"line":88},"12":{"name":"(anonymous_12)","decl":{"start":{"line":110,"column":18},"end":{"line":110,"column":26}},"loc":{"start":{"line":110,"column":26},"end":{"line":110,"column":42}},"line":110},"13":{"name":"(anonymous_13)","decl":{"start":{"line":122,"column":18},"end":{"line":122,"column":26}},"loc":{"start":{"line":122,"column":26},"end":{"line":122,"column":45}},"line":122},"14":{"name":"(anonymous_14)","decl":{"start":{"line":138,"column":31},"end":{"line":138,"column":37}},"loc":{"start":{"line":138,"column":37},"end":{"line":138,"column":69}},"line":138},"15":{"name":"(anonymous_15)","decl":{"start":{"line":141,"column":31},"end":{"line":141,"column":37}},"loc":{"start":{"line":141,"column":37},"end":{"line":141,"column":55}},"line":141},"16":{"name":"(anonymous_16)","decl":{"start":{"line":160,"column":30},"end":{"line":160,"column":31}},"loc":{"start":{"line":160,"column":37},"end":{"line":160,"column":null}},"line":160},"17":{"name":"(anonymous_17)","decl":{"start":{"line":162,"column":31},"end":{"line":162,"column":32}},"loc":{"start":{"line":162,"column":38},"end":{"line":166,"column":null}},"line":162},"18":{"name":"(anonymous_18)","decl":{"start":{"line":169,"column":29},"end":{"line":169,"column":35}},"loc":{"start":{"line":169,"column":35},"end":{"line":169,"column":null}},"line":169},"19":{"name":"(anonymous_19)","decl":{"start":{"line":185,"column":47},"end":{"line":185,"column":48}},"loc":{"start":{"line":186,"column":20},"end":{"line":192,"column":null}},"line":186},"20":{"name":"(anonymous_20)","decl":{"start":{"line":188,"column":31},"end":{"line":188,"column":37}},"loc":{"start":{"line":188,"column":37},"end":{"line":188,"column":null}},"line":188},"21":{"name":"(anonymous_21)","decl":{"start":{"line":198,"column":26},"end":{"line":198,"column":27}},"loc":{"start":{"line":199,"column":14},"end":{"line":207,"column":null}},"line":199},"22":{"name":"(anonymous_22)","decl":{"start":{"line":224,"column":24},"end":{"line":224,"column":25}},"loc":{"start":{"line":224,"column":31},"end":{"line":224,"column":null}},"line":224},"23":{"name":"(anonymous_23)","decl":{"start":{"line":232,"column":26},"end":{"line":232,"column":27}},"loc":{"start":{"line":232,"column":33},"end":{"line":232,"column":null}},"line":232},"24":{"name":"(anonymous_24)","decl":{"start":{"line":250,"column":19},"end":{"line":250,"column":25}},"loc":{"start":{"line":250,"column":25},"end":{"line":250,"column":null}},"line":250}},"branchMap":{"0":{"loc":{"start":{"line":29,"column":4},"end":{"line":31,"column":null}},"type":"if","locations":[{"start":{"line":29,"column":4},"end":{"line":31,"column":null}},{"start":{},"end":{}}],"line":29},"1":{"loc":{"start":{"line":47,"column":22},"end":{"line":47,"column":null}},"type":"binary-expr","locations":[{"start":{"line":47,"column":22},"end":{"line":47,"column":69}},{"start":{"line":47,"column":69},"end":{"line":47,"column":null}}],"line":47},"2":{"loc":{"start":{"line":48,"column":39},"end":{"line":48,"column":91}},"type":"binary-expr","locations":[{"start":{"line":48,"column":39},"end":{"line":48,"column":81}},{"start":{"line":48,"column":81},"end":{"line":48,"column":91}}],"line":48},"3":{"loc":{"start":{"line":59,"column":4},"end":{"line":59,"column":null}},"type":"if","locations":[{"start":{"line":59,"column":4},"end":{"line":59,"column":null}},{"start":{},"end":{}}],"line":59},"4":{"loc":{"start":{"line":60,"column":4},"end":{"line":60,"column":null}},"type":"if","locations":[{"start":{"line":60,"column":4},"end":{"line":60,"column":null}},{"start":{},"end":{}}],"line":60},"5":{"loc":{"start":{"line":61,"column":4},"end":{"line":61,"column":null}},"type":"if","locations":[{"start":{"line":61,"column":4},"end":{"line":61,"column":null}},{"start":{},"end":{}}],"line":61},"6":{"loc":{"start":{"line":62,"column":4},"end":{"line":62,"column":null}},"type":"if","locations":[{"start":{"line":62,"column":4},"end":{"line":62,"column":null}},{"start":{},"end":{}}],"line":62},"7":{"loc":{"start":{"line":63,"column":4},"end":{"line":63,"column":null}},"type":"if","locations":[{"start":{"line":63,"column":4},"end":{"line":63,"column":null}},{"start":{},"end":{}}],"line":63},"8":{"loc":{"start":{"line":67,"column":42},"end":{"line":67,"column":68}},"type":"default-arg","locations":[{"start":{"line":67,"column":58},"end":{"line":67,"column":68}}],"line":67},"9":{"loc":{"start":{"line":68,"column":4},"end":{"line":68,"column":null}},"type":"if","locations":[{"start":{"line":68,"column":4},"end":{"line":68,"column":null}},{"start":{},"end":{}}],"line":68},"10":{"loc":{"start":{"line":70,"column":4},"end":{"line":75,"column":null}},"type":"if","locations":[{"start":{"line":70,"column":4},"end":{"line":75,"column":null}},{"start":{},"end":{}}],"line":70},"11":{"loc":{"start":{"line":89,"column":16},"end":{"line":89,"column":null}},"type":"cond-expr","locations":[{"start":{"line":89,"column":41},"end":{"line":89,"column":51}},{"start":{"line":89,"column":51},"end":{"line":89,"column":null}}],"line":89},"12":{"loc":{"start":{"line":102,"column":6},"end":{"line":104,"column":null}},"type":"if","locations":[{"start":{"line":102,"column":6},"end":{"line":104,"column":null}},{"start":{},"end":{}}],"line":102},"13":{"loc":{"start":{"line":107,"column":24},"end":{"line":107,"column":null}},"type":"binary-expr","locations":[{"start":{"line":107,"column":24},"end":{"line":107,"column":75}},{"start":{"line":107,"column":75},"end":{"line":107,"column":null}}],"line":107},"14":{"loc":{"start":{"line":112,"column":6},"end":{"line":117,"column":null}},"type":"if","locations":[{"start":{"line":112,"column":6},"end":{"line":117,"column":null}},{"start":{},"end":{}}],"line":112},"15":{"loc":{"start":{"line":115,"column":25},"end":{"line":115,"column":null}},"type":"cond-expr","locations":[{"start":{"line":115,"column":50},"end":{"line":115,"column":60}},{"start":{"line":115,"column":60},"end":{"line":115,"column":null}}],"line":115},"16":{"loc":{"start":{"line":115,"column":60},"end":{"line":115,"column":null}},"type":"cond-expr","locations":[{"start":{"line":115,"column":85},"end":{"line":115,"column":95}},{"start":{"line":115,"column":95},"end":{"line":115,"column":null}}],"line":115},"17":{"loc":{"start":{"line":130,"column":7},"end":{"line":245,"column":null}},"type":"binary-expr","locations":[{"start":{"line":130,"column":7},"end":{"line":130,"column":null}},{"start":{"line":131,"column":8},"end":{"line":245,"column":null}}],"line":130},"18":{"loc":{"start":{"line":138,"column":101},"end":{"line":138,"column":147}},"type":"cond-expr","locations":[{"start":{"line":138,"column":110},"end":{"line":138,"column":131}},{"start":{"line":138,"column":131},"end":{"line":138,"column":147}}],"line":138},"19":{"loc":{"start":{"line":148,"column":13},"end":{"line":175,"column":null}},"type":"binary-expr","locations":[{"start":{"line":148,"column":13},"end":{"line":148,"column":null}},{"start":{"line":149,"column":14},"end":{"line":175,"column":null}}],"line":148},"20":{"loc":{"start":{"line":163,"column":22},"end":{"line":165,"column":null}},"type":"if","locations":[{"start":{"line":163,"column":22},"end":{"line":165,"column":null}},{"start":{},"end":{}}],"line":163},"21":{"loc":{"start":{"line":178,"column":13},"end":{"line":195,"column":null}},"type":"binary-expr","locations":[{"start":{"line":178,"column":13},"end":{"line":178,"column":null}},{"start":{"line":179,"column":14},"end":{"line":195,"column":null}}],"line":178},"22":{"loc":{"start":{"line":199,"column":51},"end":{"line":199,"column":104}},"type":"cond-expr","locations":[{"start":{"line":199,"column":73},"end":{"line":199,"column":89}},{"start":{"line":199,"column":89},"end":{"line":199,"column":104}}],"line":199},"23":{"loc":{"start":{"line":201,"column":18},"end":{"line":203,"column":null}},"type":"cond-expr","locations":[{"start":{"line":202,"column":22},"end":{"line":202,"column":null}},{"start":{"line":203,"column":22},"end":{"line":203,"column":null}}],"line":201},"24":{"loc":{"start":{"line":210,"column":13},"end":{"line":217,"column":null}},"type":"binary-expr","locations":[{"start":{"line":210,"column":13},"end":{"line":210,"column":null}},{"start":{"line":211,"column":14},"end":{"line":217,"column":null}}],"line":210},"25":{"loc":{"start":{"line":237,"column":26},"end":{"line":237,"column":null}},"type":"binary-expr","locations":[{"start":{"line":237,"column":26},"end":{"line":237,"column":43}},{"start":{"line":237,"column":43},"end":{"line":237,"column":null}}],"line":237},"26":{"loc":{"start":{"line":248,"column":7},"end":{"line":256,"column":null}},"type":"binary-expr","locations":[{"start":{"line":248,"column":7},"end":{"line":248,"column":null}},{"start":{"line":249,"column":8},"end":{"line":256,"column":null}}],"line":248}},"s":{"0":12,"1":12,"2":12,"3":12,"4":12,"5":12,"6":12,"7":12,"8":6,"9":12,"10":9,"11":6,"12":12,"13":7,"14":0,"15":0,"16":0,"17":0,"18":7,"19":7,"20":7,"21":12,"22":12,"23":12,"24":12,"25":0,"26":0,"27":0,"28":12,"29":4,"30":4,"31":0,"32":4,"33":0,"34":4,"35":0,"36":4,"37":0,"38":4,"39":0,"40":4,"41":12,"42":2,"43":0,"44":2,"45":0,"46":0,"47":0,"48":0,"49":0,"50":2,"51":2,"52":2,"53":2,"54":2,"55":2,"56":2,"57":2,"58":2,"59":2,"60":2,"61":1,"62":0,"63":1,"64":1,"65":2,"66":2,"67":1,"68":2,"69":0,"70":0,"71":0,"72":0,"73":1,"74":1,"75":1,"76":1,"77":2,"78":12,"79":0,"80":0,"81":0,"82":0,"83":0,"84":0,"85":12,"86":0,"87":6,"88":2,"89":2,"90":2,"91":2},"f":{"0":12,"1":6,"2":9,"3":7,"4":0,"5":7,"6":0,"7":4,"8":2,"9":0,"10":2,"11":2,"12":1,"13":1,"14":0,"15":0,"16":0,"17":0,"18":0,"19":12,"20":0,"21":6,"22":2,"23":2,"24":2},"b":{"0":[6,3],"1":[12,0],"2":[12,2],"3":[0,4],"4":[0,4],"5":[0,4],"6":[0,4],"7":[0,4],"8":[2],"9":[0,2],"10":[0,2],"11":[0,2],"12":[0,1],"13":[1,0],"14":[0,2],"15":[0,0],"16":[0,0],"17":[12,8],"18":[8,0],"19":[8,0],"20":[0,0],"21":[8,4],"22":[4,2],"23":[4,2],"24":[8,2],"25":[8,2],"26":[12,4]},"meta":{"lastBranch":27,"lastFunction":25,"lastStatement":92,"seen":{"f:12:24:12:40":0,"s:13:26:13:Infinity":0,"s:14:30:14:Infinity":1,"s:15:24:15:Infinity":2,"s:16:30:16:Infinity":3,"s:18:15:18:Infinity":4,"s:19:8:19:Infinity":5,"s:20:8:20:Infinity":6,"s:24:25:26:Infinity":7,"f:24:25:24:31":1,"s:25:4:25:Infinity":8,"s:28:2:32:Infinity":9,"f:28:12:28:18":2,"b:29:4:31:Infinity:undefined:undefined:undefined:undefined":0,"s:29:4:31:Infinity":10,"s:30:6:30:Infinity":11,"s:35:2:45:Infinity":12,"f:35:12:35:18":3,"s:36:27:41:Infinity":13,"f:36:27:36:28":4,"s:37:26:37:Infinity":14,"s:38:34:38:Infinity":15,"s:39:6:39:Infinity":16,"s:40:6:40:Infinity":17,"s:43:4:43:Infinity":18,"s:44:4:44:Infinity":19,"f:44:11:44:17":5,"s:44:17:44:Infinity":20,"s:47:22:47:Infinity":21,"b:47:22:47:69:47:69:47:Infinity":1,"s:48:26:48:Infinity":22,"b:48:39:48:81:48:81:48:91":2,"s:49:38:49:Infinity":23,"s:51:21:55:Infinity":24,"f:51:21:51:22":6,"s:52:4:52:Infinity":25,"s:53:4:53:Infinity":26,"s:54:4:54:Infinity":27,"s:57:32:65:Infinity":28,"f:57:32:57:38":7,"s:58:17:58:Infinity":29,"b:59:4:59:Infinity:undefined:undefined:undefined:undefined":3,"s:59:4:59:Infinity":30,"s:59:35:59:Infinity":31,"b:60:4:60:Infinity:undefined:undefined:undefined:undefined":4,"s:60:4:60:Infinity":32,"s:60:43:60:Infinity":33,"b:61:4:61:Infinity:undefined:undefined:undefined:undefined":5,"s:61:4:61:Infinity":34,"s:61:32:61:Infinity":35,"b:62:4:62:Infinity:undefined:undefined:undefined:undefined":6,"s:62:4:62:Infinity":36,"s:62:31:62:Infinity":37,"b:63:4:63:Infinity:undefined:undefined:undefined:undefined":7,"s:63:4:63:Infinity":38,"s:63:44:63:Infinity":39,"s:64:4:64:Infinity":40,"s:67:21:126:Infinity":41,"f:67:21:67:28":8,"b:67:58:67:68":8,"b:68:4:68:Infinity:undefined:undefined:undefined:undefined":9,"s:68:4:68:Infinity":42,"s:68:22:68:Infinity":43,"b:70:4:75:Infinity:undefined:undefined:undefined:undefined":10,"s:70:4:75:Infinity":44,"s:71:6:71:Infinity":45,"s:72:33:72:Infinity":46,"s:73:6:73:Infinity":47,"f:73:18:73:26":9,"s:73:26:73:46":48,"s:74:6:74:Infinity":49,"s:77:29:77:Infinity":50,"s:78:24:78:Infinity":51,"s:79:4:79:Infinity":52,"s:80:4:80:Infinity":53,"s:81:4:81:Infinity":54,"s:83:4:125:Infinity":55,"s:84:32:84:Infinity":56,"s:86:23:91:Infinity":57,"f:87:16:87:21":10,"s:87:21:87:93":58,"f:88:13:88:19":11,"s:88:19:91:10":59,"b:89:41:89:51:89:51:89:Infinity":11,"s:93:18:100:Infinity":60,"b:102:6:104:Infinity:undefined:undefined:undefined:undefined":12,"s:102:6:104:Infinity":61,"s:103:8:103:Infinity":62,"s:106:19:106:Infinity":63,"s:107:24:107:Infinity":64,"b:107:24:107:75:107:75:107:Infinity":13,"s:109:29:109:Infinity":65,"s:110:6:110:Infinity":66,"f:110:18:110:26":12,"s:110:26:110:42":67,"b:112:6:117:Infinity:undefined:undefined:undefined:undefined":14,"s:112:6:117:Infinity":68,"s:113:8:113:Infinity":69,"s:114:26:114:Infinity":70,"s:115:8:115:Infinity":71,"b:115:50:115:60:115:60:115:Infinity":15,"b:115:85:115:95:115:95:115:Infinity":16,"s:116:8:116:Infinity":72,"s:120:6:120:Infinity":73,"s:121:32:121:Infinity":74,"s:122:6:122:Infinity":75,"f:122:18:122:26":13,"s:122:26:122:45":76,"s:124:6:124:Infinity":77,"s:128:2:258:Infinity":78,"b:130:7:130:Infinity:131:8:245:Infinity":17,"f:138:31:138:37":14,"s:138:37:138:69":79,"b:138:110:138:131:138:131:138:147":18,"f:141:31:141:37":15,"s:141:37:141:55":80,"b:148:13:148:Infinity:149:14:175:Infinity":19,"f:160:30:160:31":16,"s:160:37:160:Infinity":81,"f:162:31:162:32":17,"b:163:22:165:Infinity:undefined:undefined:undefined:undefined":20,"s:163:22:165:Infinity":82,"s:164:24:164:Infinity":83,"f:169:29:169:35":18,"s:169:35:169:Infinity":84,"b:178:13:178:Infinity:179:14:195:Infinity":21,"f:185:47:185:48":19,"s:186:20:192:Infinity":85,"f:188:31:188:37":20,"s:188:37:188:Infinity":86,"f:198:26:198:27":21,"s:199:14:207:Infinity":87,"b:199:73:199:89:199:89:199:104":22,"b:202:22:202:Infinity:203:22:203:Infinity":23,"b:210:13:210:Infinity:211:14:217:Infinity":24,"f:224:24:224:25":22,"s:224:33:224:53":88,"s:224:53:224:72":89,"f:232:26:232:27":23,"s:232:33:232:Infinity":90,"b:237:26:237:43:237:43:237:Infinity":25,"b:248:7:248:Infinity:249:8:256:Infinity":26,"f:250:19:250:25":24,"s:250:25:250:Infinity":91},"fnNames":{}}}
,"C:\\promtwars\\src\\components\\Navigation.tsx": {"path":"C:\\promtwars\\src\\components\\Navigation.tsx","statementMap":{"0":{"start":{"line":14,"column":26},"end":{"line":14,"column":null}},"1":{"start":{"line":15,"column":8},"end":{"line":15,"column":null}},"2":{"start":{"line":18,"column":2},"end":{"line":20,"column":null}},"3":{"start":{"line":19,"column":4},"end":{"line":19,"column":null}},"4":{"start":{"line":23,"column":2},"end":{"line":30,"column":null}},"5":{"start":{"line":24,"column":4},"end":{"line":28,"column":null}},"6":{"start":{"line":25,"column":6},"end":{"line":25,"column":null}},"7":{"start":{"line":27,"column":6},"end":{"line":27,"column":null}},"8":{"start":{"line":29,"column":4},"end":{"line":29,"column":null}},"9":{"start":{"line":29,"column":19},"end":{"line":29,"column":59}},"10":{"start":{"line":32,"column":19},"end":{"line":41,"column":null}},"11":{"start":{"line":43,"column":2},"end":{"line":186,"column":null}},"12":{"start":{"line":56,"column":27},"end":{"line":56,"column":null}},"13":{"start":{"line":57,"column":31},"end":{"line":57,"column":null}},"14":{"start":{"line":58,"column":14},"end":{"line":66,"column":null}},"15":{"start":{"line":88,"column":33},"end":{"line":88,"column":null}},"16":{"start":{"line":92,"column":18},"end":{"line":94,"column":null}},"17":{"start":{"line":102,"column":29},"end":{"line":102,"column":null}},"18":{"start":{"line":122,"column":27},"end":{"line":122,"column":null}},"19":{"start":{"line":123,"column":31},"end":{"line":123,"column":null}},"20":{"start":{"line":124,"column":14},"end":{"line":133,"column":null}},"21":{"start":{"line":150,"column":35},"end":{"line":150,"column":null}},"22":{"start":{"line":154,"column":20},"end":{"line":156,"column":null}}},"fnMap":{"0":{"name":"Navigation","decl":{"start":{"line":13,"column":24},"end":{"line":13,"column":35}},"loc":{"start":{"line":13,"column":100},"end":{"line":188,"column":null}},"line":13},"1":{"name":"(anonymous_1)","decl":{"start":{"line":18,"column":12},"end":{"line":18,"column":18}},"loc":{"start":{"line":18,"column":18},"end":{"line":20,"column":5}},"line":18},"2":{"name":"(anonymous_2)","decl":{"start":{"line":23,"column":12},"end":{"line":23,"column":18}},"loc":{"start":{"line":23,"column":18},"end":{"line":30,"column":5}},"line":23},"3":{"name":"(anonymous_3)","decl":{"start":{"line":29,"column":11},"end":{"line":29,"column":17}},"loc":{"start":{"line":29,"column":17},"end":{"line":29,"column":null}},"line":29},"4":{"name":"(anonymous_4)","decl":{"start":{"line":55,"column":26},"end":{"line":55,"column":27}},"loc":{"start":{"line":55,"column":36},"end":{"line":68,"column":13}},"line":55},"5":{"name":"(anonymous_5)","decl":{"start":{"line":88,"column":26},"end":{"line":88,"column":27}},"loc":{"start":{"line":88,"column":33},"end":{"line":88,"column":null}},"line":88},"6":{"name":"(anonymous_6)","decl":{"start":{"line":91,"column":41},"end":{"line":91,"column":null}},"loc":{"start":{"line":92,"column":18},"end":{"line":94,"column":null}},"line":92},"7":{"name":"(anonymous_7)","decl":{"start":{"line":102,"column":23},"end":{"line":102,"column":29}},"loc":{"start":{"line":102,"column":29},"end":{"line":102,"column":null}},"line":102},"8":{"name":"(anonymous_8)","decl":{"start":{"line":121,"column":26},"end":{"line":121,"column":27}},"loc":{"start":{"line":121,"column":36},"end":{"line":135,"column":13}},"line":121},"9":{"name":"(anonymous_9)","decl":{"start":{"line":150,"column":28},"end":{"line":150,"column":29}},"loc":{"start":{"line":150,"column":35},"end":{"line":150,"column":null}},"line":150},"10":{"name":"(anonymous_10)","decl":{"start":{"line":153,"column":43},"end":{"line":153,"column":null}},"loc":{"start":{"line":154,"column":20},"end":{"line":156,"column":null}},"line":154}},"branchMap":{"0":{"loc":{"start":{"line":24,"column":4},"end":{"line":28,"column":null}},"type":"if","locations":[{"start":{"line":24,"column":4},"end":{"line":28,"column":null}},{"start":{"line":26,"column":11},"end":{"line":28,"column":null}}],"line":24},"1":{"loc":{"start":{"line":33,"column":34},"end":{"line":33,"column":58}},"type":"binary-expr","locations":[{"start":{"line":33,"column":34},"end":{"line":33,"column":51}},{"start":{"line":33,"column":51},"end":{"line":33,"column":58}}],"line":33},"2":{"loc":{"start":{"line":34,"column":46},"end":{"line":34,"column":78}},"type":"binary-expr","locations":[{"start":{"line":34,"column":46},"end":{"line":34,"column":67}},{"start":{"line":34,"column":67},"end":{"line":34,"column":78}}],"line":34},"3":{"loc":{"start":{"line":35,"column":51},"end":{"line":35,"column":75}},"type":"binary-expr","locations":[{"start":{"line":35,"column":51},"end":{"line":35,"column":66}},{"start":{"line":35,"column":66},"end":{"line":35,"column":75}}],"line":35},"4":{"loc":{"start":{"line":37,"column":41},"end":{"line":37,"column":68}},"type":"binary-expr","locations":[{"start":{"line":37,"column":41},"end":{"line":37,"column":60}},{"start":{"line":37,"column":60},"end":{"line":37,"column":68}}],"line":37},"5":{"loc":{"start":{"line":38,"column":43},"end":{"line":38,"column":67}},"type":"binary-expr","locations":[{"start":{"line":38,"column":43},"end":{"line":38,"column":60}},{"start":{"line":38,"column":60},"end":{"line":38,"column":67}}],"line":38},"6":{"loc":{"start":{"line":62,"column":102},"end":{"line":62,"column":154}},"type":"cond-expr","locations":[{"start":{"line":62,"column":113},"end":{"line":62,"column":132}},{"start":{"line":62,"column":132},"end":{"line":62,"column":154}}],"line":62},"7":{"loc":{"start":{"line":104,"column":26},"end":{"line":104,"column":null}},"type":"cond-expr","locations":[{"start":{"line":104,"column":35},"end":{"line":104,"column":61}},{"start":{"line":104,"column":61},"end":{"line":104,"column":null}}],"line":104},"8":{"loc":{"start":{"line":107,"column":15},"end":{"line":107,"column":null}},"type":"cond-expr","locations":[{"start":{"line":107,"column":24},"end":{"line":107,"column":52}},{"start":{"line":107,"column":52},"end":{"line":107,"column":null}}],"line":107},"9":{"loc":{"start":{"line":116,"column":206},"end":{"line":116,"column":264}},"type":"cond-expr","locations":[{"start":{"line":116,"column":215},"end":{"line":116,"column":243}},{"start":{"line":116,"column":243},"end":{"line":116,"column":264}}],"line":116},"10":{"loc":{"start":{"line":128,"column":109},"end":{"line":128,"column":250}},"type":"cond-expr","locations":[{"start":{"line":128,"column":120},"end":{"line":128,"column":165}},{"start":{"line":128,"column":165},"end":{"line":128,"column":250}}],"line":128},"11":{"loc":{"start":{"line":129,"column":28},"end":{"line":129,"column":null}},"type":"cond-expr","locations":[{"start":{"line":129,"column":37},"end":{"line":129,"column":41}},{"start":{"line":129,"column":41},"end":{"line":129,"column":null}}],"line":129},"12":{"loc":{"start":{"line":151,"column":28},"end":{"line":151,"column":null}},"type":"cond-expr","locations":[{"start":{"line":151,"column":37},"end":{"line":151,"column":41}},{"start":{"line":151,"column":41},"end":{"line":151,"column":null}}],"line":151},"13":{"loc":{"start":{"line":168,"column":28},"end":{"line":168,"column":null}},"type":"cond-expr","locations":[{"start":{"line":168,"column":37},"end":{"line":168,"column":41}},{"start":{"line":168,"column":41},"end":{"line":168,"column":null}}],"line":168},"14":{"loc":{"start":{"line":176,"column":28},"end":{"line":176,"column":null}},"type":"cond-expr","locations":[{"start":{"line":176,"column":37},"end":{"line":176,"column":41}},{"start":{"line":176,"column":41},"end":{"line":176,"column":null}}],"line":176}},"s":{"0":6,"1":6,"2":6,"3":2,"4":6,"5":3,"6":1,"7":2,"8":3,"9":3,"10":6,"11":6,"12":48,"13":48,"14":48,"15":0,"16":138,"17":1,"18":48,"19":48,"20":48,"21":1,"22":138},"f":{"0":6,"1":2,"2":3,"3":3,"4":48,"5":0,"6":138,"7":1,"8":48,"9":1,"10":138},"b":{"0":[1,2],"1":[6,0],"2":[6,0],"3":[6,0],"4":[6,0],"5":[6,0],"6":[6,42],"7":[2,4],"8":[2,4],"9":[2,4],"10":[6,42],"11":[16,32],"12":[2,4],"13":[2,4],"14":[2,4]},"meta":{"lastBranch":15,"lastFunction":11,"lastStatement":23,"seen":{"f:13:24:13:35":0,"s:14:26:14:Infinity":0,"s:15:8:15:Infinity":1,"s:18:2:20:Infinity":2,"f:18:12:18:18":1,"s:19:4:19:Infinity":3,"s:23:2:30:Infinity":4,"f:23:12:23:18":2,"b:24:4:28:Infinity:26:11:28:Infinity":0,"s:24:4:28:Infinity":5,"s:25:6:25:Infinity":6,"s:27:6:27:Infinity":7,"s:29:4:29:Infinity":8,"f:29:11:29:17":3,"s:29:19:29:59":9,"s:32:19:41:Infinity":10,"b:33:34:33:51:33:51:33:58":1,"b:34:46:34:67:34:67:34:78":2,"b:35:51:35:66:35:66:35:75":3,"b:37:41:37:60:37:60:37:68":4,"b:38:43:38:60:38:60:38:67":5,"s:43:2:186:Infinity":11,"f:55:26:55:27":4,"s:56:27:56:Infinity":12,"s:57:31:57:Infinity":13,"s:58:14:66:Infinity":14,"b:62:113:62:132:62:132:62:154":6,"f:88:26:88:27":5,"s:88:33:88:Infinity":15,"f:91:41:91:Infinity":6,"s:92:18:94:Infinity":16,"f:102:23:102:29":7,"s:102:29:102:Infinity":17,"b:104:35:104:61:104:61:104:Infinity":7,"b:107:24:107:52:107:52:107:Infinity":8,"b:116:215:116:243:116:243:116:264":9,"f:121:26:121:27":8,"s:122:27:122:Infinity":18,"s:123:31:123:Infinity":19,"s:124:14:133:Infinity":20,"b:128:120:128:165:128:165:128:250":10,"b:129:37:129:41:129:41:129:Infinity":11,"f:150:28:150:29":9,"s:150:35:150:Infinity":21,"b:151:37:151:41:151:41:151:Infinity":12,"f:153:43:153:Infinity":10,"s:154:20:156:Infinity":22,"b:168:37:168:41:168:41:168:Infinity":13,"b:176:37:176:41:176:41:176:Infinity":14},"fnNames":{}}}
,"C:\\promtwars\\src\\components\\VoiceAssistant.tsx": {"path":"C:\\promtwars\\src\\components\\VoiceAssistant.tsx","statementMap":{"0":{"start":{"line":7,"column":32},"end":{"line":7,"column":null}},"1":{"start":{"line":8,"column":32},"end":{"line":8,"column":null}},"2":{"start":{"line":9,"column":30},"end":{"line":9,"column":null}},"3":{"start":{"line":11,"column":8},"end":{"line":11,"column":null}},"4":{"start":{"line":12,"column":15},"end":{"line":12,"column":null}},"5":{"start":{"line":15,"column":28},"end":{"line":15,"column":null}},"6":{"start":{"line":17,"column":2},"end":{"line":21,"column":null}},"7":{"start":{"line":18,"column":4},"end":{"line":20,"column":null}},"8":{"start":{"line":19,"column":6},"end":{"line":19,"column":null}},"9":{"start":{"line":23,"column":26},"end":{"line":31,"column":null}},"10":{"start":{"line":24,"column":4},"end":{"line":24,"column":null}},"11":{"start":{"line":25,"column":24},"end":{"line":25,"column":null}},"12":{"start":{"line":26,"column":22},"end":{"line":26,"column":null}},"13":{"start":{"line":27,"column":4},"end":{"line":27,"column":null}},"14":{"start":{"line":28,"column":4},"end":{"line":28,"column":null}},"15":{"start":{"line":29,"column":4},"end":{"line":29,"column":null}},"16":{"start":{"line":30,"column":4},"end":{"line":30,"column":null}},"17":{"start":{"line":30,"column":21},"end":{"line":30,"column":38}},"18":{"start":{"line":33,"column":22},"end":{"line":37,"column":null}},"19":{"start":{"line":34,"column":4},"end":{"line":34,"column":null}},"20":{"start":{"line":35,"column":4},"end":{"line":35,"column":null}},"21":{"start":{"line":36,"column":4},"end":{"line":36,"column":null}},"22":{"start":{"line":36,"column":21},"end":{"line":36,"column":38}},"23":{"start":{"line":39,"column":8},"end":{"line":105,"column":null}},"24":{"start":{"line":40,"column":17},"end":{"line":40,"column":null}},"25":{"start":{"line":42,"column":4},"end":{"line":45,"column":null}},"26":{"start":{"line":43,"column":6},"end":{"line":43,"column":null}},"27":{"start":{"line":44,"column":6},"end":{"line":44,"column":null}},"28":{"start":{"line":46,"column":4},"end":{"line":49,"column":null}},"29":{"start":{"line":47,"column":6},"end":{"line":47,"column":null}},"30":{"start":{"line":48,"column":6},"end":{"line":48,"column":null}},"31":{"start":{"line":50,"column":4},"end":{"line":53,"column":null}},"32":{"start":{"line":51,"column":6},"end":{"line":51,"column":null}},"33":{"start":{"line":52,"column":6},"end":{"line":52,"column":null}},"34":{"start":{"line":54,"column":4},"end":{"line":57,"column":null}},"35":{"start":{"line":55,"column":6},"end":{"line":55,"column":null}},"36":{"start":{"line":56,"column":6},"end":{"line":56,"column":null}},"37":{"start":{"line":58,"column":4},"end":{"line":61,"column":null}},"38":{"start":{"line":59,"column":6},"end":{"line":59,"column":null}},"39":{"start":{"line":60,"column":6},"end":{"line":60,"column":null}},"40":{"start":{"line":62,"column":4},"end":{"line":65,"column":null}},"41":{"start":{"line":63,"column":6},"end":{"line":63,"column":null}},"42":{"start":{"line":64,"column":6},"end":{"line":64,"column":null}},"43":{"start":{"line":66,"column":4},"end":{"line":69,"column":null}},"44":{"start":{"line":67,"column":6},"end":{"line":67,"column":null}},"45":{"start":{"line":68,"column":6},"end":{"line":68,"column":null}},"46":{"start":{"line":70,"column":4},"end":{"line":73,"column":null}},"47":{"start":{"line":71,"column":6},"end":{"line":71,"column":null}},"48":{"start":{"line":72,"column":6},"end":{"line":72,"column":null}},"49":{"start":{"line":76,"column":22},"end":{"line":76,"column":null}},"50":{"start":{"line":77,"column":4},"end":{"line":100,"column":null}},"51":{"start":{"line":78,"column":28},"end":{"line":78,"column":null}},"52":{"start":{"line":79,"column":24},"end":{"line":94,"column":null}},"53":{"start":{"line":94,"column":18},"end":{"line":94,"column":42}},"54":{"start":{"line":96,"column":6},"end":{"line":99,"column":null}},"55":{"start":{"line":97,"column":8},"end":{"line":97,"column":null}},"56":{"start":{"line":98,"column":8},"end":{"line":98,"column":null}},"57":{"start":{"line":103,"column":4},"end":{"line":103,"column":null}},"58":{"start":{"line":104,"column":4},"end":{"line":104,"column":null}},"59":{"start":{"line":107,"column":23},"end":{"line":151,"column":null}},"60":{"start":{"line":108,"column":4},"end":{"line":111,"column":null}},"61":{"start":{"line":109,"column":6},"end":{"line":109,"column":null}},"62":{"start":{"line":110,"column":6},"end":{"line":110,"column":null}},"63":{"start":{"line":113,"column":4},"end":{"line":113,"column":null}},"64":{"start":{"line":113,"column":28},"end":{"line":113,"column":null}},"65":{"start":{"line":115,"column":24},"end":{"line":115,"column":null}},"66":{"start":{"line":116,"column":4},"end":{"line":116,"column":null}},"67":{"start":{"line":117,"column":4},"end":{"line":117,"column":null}},"68":{"start":{"line":118,"column":4},"end":{"line":118,"column":null}},"69":{"start":{"line":120,"column":4},"end":{"line":123,"column":null}},"70":{"start":{"line":121,"column":6},"end":{"line":121,"column":null}},"71":{"start":{"line":122,"column":6},"end":{"line":122,"column":null}},"72":{"start":{"line":125,"column":4},"end":{"line":132,"column":null}},"73":{"start":{"line":126,"column":25},"end":{"line":126,"column":null}},"74":{"start":{"line":127,"column":28},"end":{"line":127,"column":null}},"75":{"start":{"line":128,"column":6},"end":{"line":128,"column":null}},"76":{"start":{"line":131,"column":6},"end":{"line":131,"column":null}},"77":{"start":{"line":131,"column":23},"end":{"line":131,"column":40}},"78":{"start":{"line":134,"column":4},"end":{"line":144,"column":null}},"79":{"start":{"line":135,"column":6},"end":{"line":135,"column":null}},"80":{"start":{"line":136,"column":6},"end":{"line":136,"column":null}},"81":{"start":{"line":138,"column":6},"end":{"line":143,"column":null}},"82":{"start":{"line":139,"column":8},"end":{"line":139,"column":null}},"83":{"start":{"line":141,"column":8},"end":{"line":141,"column":null}},"84":{"start":{"line":142,"column":8},"end":{"line":142,"column":null}},"85":{"start":{"line":142,"column":25},"end":{"line":142,"column":42}},"86":{"start":{"line":146,"column":4},"end":{"line":148,"column":null}},"87":{"start":{"line":147,"column":6},"end":{"line":147,"column":null}},"88":{"start":{"line":150,"column":4},"end":{"line":150,"column":null}},"89":{"start":{"line":153,"column":2},"end":{"line":153,"column":null}},"90":{"start":{"line":153,"column":18},"end":{"line":153,"column":null}},"91":{"start":{"line":155,"column":2},"end":{"line":173,"column":null}}},"fnMap":{"0":{"name":"VoiceAssistant","decl":{"start":{"line":6,"column":24},"end":{"line":6,"column":41}},"loc":{"start":{"line":6,"column":41},"end":{"line":175,"column":null}},"line":6},"1":{"name":"(anonymous_1)","decl":{"start":{"line":17,"column":12},"end":{"line":17,"column":18}},"loc":{"start":{"line":17,"column":18},"end":{"line":21,"column":5}},"line":17},"2":{"name":"(anonymous_2)","decl":{"start":{"line":23,"column":26},"end":{"line":23,"column":32}},"loc":{"start":{"line":23,"column":32},"end":{"line":31,"column":null}},"line":23},"3":{"name":"(anonymous_3)","decl":{"start":{"line":30,"column":15},"end":{"line":30,"column":21}},"loc":{"start":{"line":30,"column":21},"end":{"line":30,"column":38}},"line":30},"4":{"name":"(anonymous_4)","decl":{"start":{"line":33,"column":22},"end":{"line":33,"column":28}},"loc":{"start":{"line":33,"column":28},"end":{"line":37,"column":null}},"line":33},"5":{"name":"(anonymous_5)","decl":{"start":{"line":36,"column":15},"end":{"line":36,"column":21}},"loc":{"start":{"line":36,"column":21},"end":{"line":36,"column":38}},"line":36},"6":{"name":"(anonymous_6)","decl":{"start":{"line":39,"column":37},"end":{"line":39,"column":38}},"loc":{"start":{"line":39,"column":61},"end":{"line":105,"column":5}},"line":39},"7":{"name":"(anonymous_7)","decl":{"start":{"line":94,"column":13},"end":{"line":94,"column":18}},"loc":{"start":{"line":94,"column":18},"end":{"line":94,"column":42}},"line":94},"8":{"name":"(anonymous_8)","decl":{"start":{"line":107,"column":23},"end":{"line":107,"column":29}},"loc":{"start":{"line":107,"column":29},"end":{"line":151,"column":null}},"line":107},"9":{"name":"(anonymous_9)","decl":{"start":{"line":120,"column":26},"end":{"line":120,"column":32}},"loc":{"start":{"line":120,"column":32},"end":{"line":123,"column":null}},"line":120},"10":{"name":"(anonymous_10)","decl":{"start":{"line":125,"column":27},"end":{"line":125,"column":28}},"loc":{"start":{"line":125,"column":43},"end":{"line":132,"column":null}},"line":125},"11":{"name":"(anonymous_11)","decl":{"start":{"line":131,"column":17},"end":{"line":131,"column":23}},"loc":{"start":{"line":131,"column":23},"end":{"line":131,"column":40}},"line":131},"12":{"name":"(anonymous_12)","decl":{"start":{"line":134,"column":26},"end":{"line":134,"column":27}},"loc":{"start":{"line":134,"column":42},"end":{"line":144,"column":null}},"line":134},"13":{"name":"(anonymous_13)","decl":{"start":{"line":142,"column":19},"end":{"line":142,"column":25}},"loc":{"start":{"line":142,"column":25},"end":{"line":142,"column":42}},"line":142},"14":{"name":"(anonymous_14)","decl":{"start":{"line":146,"column":24},"end":{"line":146,"column":30}},"loc":{"start":{"line":146,"column":30},"end":{"line":148,"column":null}},"line":146}},"branchMap":{"0":{"loc":{"start":{"line":15,"column":28},"end":{"line":15,"column":null}},"type":"binary-expr","locations":[{"start":{"line":15,"column":28},"end":{"line":15,"column":56}},{"start":{"line":15,"column":56},"end":{"line":15,"column":null}}],"line":15},"1":{"loc":{"start":{"line":18,"column":4},"end":{"line":20,"column":null}},"type":"if","locations":[{"start":{"line":18,"column":4},"end":{"line":20,"column":null}},{"start":{},"end":{}}],"line":18},"2":{"loc":{"start":{"line":25,"column":24},"end":{"line":25,"column":null}},"type":"binary-expr","locations":[{"start":{"line":25,"column":24},"end":{"line":25,"column":69}},{"start":{"line":25,"column":69},"end":{"line":25,"column":null}}],"line":25},"3":{"loc":{"start":{"line":27,"column":21},"end":{"line":27,"column":null}},"type":"cond-expr","locations":[{"start":{"line":27,"column":46},"end":{"line":27,"column":56}},{"start":{"line":27,"column":56},"end":{"line":27,"column":null}}],"line":27},"4":{"loc":{"start":{"line":27,"column":56},"end":{"line":27,"column":null}},"type":"cond-expr","locations":[{"start":{"line":27,"column":81},"end":{"line":27,"column":91}},{"start":{"line":27,"column":91},"end":{"line":27,"column":null}}],"line":27},"5":{"loc":{"start":{"line":42,"column":4},"end":{"line":45,"column":null}},"type":"if","locations":[{"start":{"line":42,"column":4},"end":{"line":45,"column":null}},{"start":{},"end":{}}],"line":42},"6":{"loc":{"start":{"line":46,"column":4},"end":{"line":49,"column":null}},"type":"if","locations":[{"start":{"line":46,"column":4},"end":{"line":49,"column":null}},{"start":{},"end":{}}],"line":46},"7":{"loc":{"start":{"line":50,"column":4},"end":{"line":53,"column":null}},"type":"if","locations":[{"start":{"line":50,"column":4},"end":{"line":53,"column":null}},{"start":{},"end":{}}],"line":50},"8":{"loc":{"start":{"line":50,"column":8},"end":{"line":50,"column":76}},"type":"binary-expr","locations":[{"start":{"line":50,"column":8},"end":{"line":50,"column":41}},{"start":{"line":50,"column":41},"end":{"line":50,"column":76}}],"line":50},"9":{"loc":{"start":{"line":54,"column":4},"end":{"line":57,"column":null}},"type":"if","locations":[{"start":{"line":54,"column":4},"end":{"line":57,"column":null}},{"start":{},"end":{}}],"line":54},"10":{"loc":{"start":{"line":54,"column":8},"end":{"line":54,"column":74}},"type":"binary-expr","locations":[{"start":{"line":54,"column":8},"end":{"line":54,"column":45}},{"start":{"line":54,"column":45},"end":{"line":54,"column":74}}],"line":54},"11":{"loc":{"start":{"line":58,"column":4},"end":{"line":61,"column":null}},"type":"if","locations":[{"start":{"line":58,"column":4},"end":{"line":61,"column":null}},{"start":{},"end":{}}],"line":58},"12":{"loc":{"start":{"line":58,"column":8},"end":{"line":58,"column":71}},"type":"binary-expr","locations":[{"start":{"line":58,"column":8},"end":{"line":58,"column":43}},{"start":{"line":58,"column":43},"end":{"line":58,"column":71}}],"line":58},"13":{"loc":{"start":{"line":62,"column":4},"end":{"line":65,"column":null}},"type":"if","locations":[{"start":{"line":62,"column":4},"end":{"line":65,"column":null}},{"start":{},"end":{}}],"line":62},"14":{"loc":{"start":{"line":62,"column":8},"end":{"line":62,"column":118}},"type":"binary-expr","locations":[{"start":{"line":62,"column":8},"end":{"line":62,"column":36}},{"start":{"line":62,"column":36},"end":{"line":62,"column":64}},{"start":{"line":62,"column":64},"end":{"line":62,"column":95}},{"start":{"line":62,"column":95},"end":{"line":62,"column":118}}],"line":62},"15":{"loc":{"start":{"line":66,"column":4},"end":{"line":69,"column":null}},"type":"if","locations":[{"start":{"line":66,"column":4},"end":{"line":69,"column":null}},{"start":{},"end":{}}],"line":66},"16":{"loc":{"start":{"line":66,"column":8},"end":{"line":66,"column":71}},"type":"binary-expr","locations":[{"start":{"line":66,"column":8},"end":{"line":66,"column":43}},{"start":{"line":66,"column":43},"end":{"line":66,"column":71}}],"line":66},"17":{"loc":{"start":{"line":70,"column":4},"end":{"line":73,"column":null}},"type":"if","locations":[{"start":{"line":70,"column":4},"end":{"line":73,"column":null}},{"start":{},"end":{}}],"line":70},"18":{"loc":{"start":{"line":70,"column":8},"end":{"line":70,"column":65}},"type":"binary-expr","locations":[{"start":{"line":70,"column":8},"end":{"line":70,"column":33}},{"start":{"line":70,"column":33},"end":{"line":70,"column":65}}],"line":70},"19":{"loc":{"start":{"line":77,"column":4},"end":{"line":100,"column":null}},"type":"if","locations":[{"start":{"line":77,"column":4},"end":{"line":100,"column":null}},{"start":{},"end":{}}],"line":77},"20":{"loc":{"start":{"line":96,"column":6},"end":{"line":99,"column":null}},"type":"if","locations":[{"start":{"line":96,"column":6},"end":{"line":99,"column":null}},{"start":{},"end":{}}],"line":96},"21":{"loc":{"start":{"line":108,"column":4},"end":{"line":111,"column":null}},"type":"if","locations":[{"start":{"line":108,"column":4},"end":{"line":111,"column":null}},{"start":{},"end":{}}],"line":108},"22":{"loc":{"start":{"line":113,"column":4},"end":{"line":113,"column":null}},"type":"if","locations":[{"start":{"line":113,"column":4},"end":{"line":113,"column":null}},{"start":{},"end":{}}],"line":113},"23":{"loc":{"start":{"line":138,"column":6},"end":{"line":143,"column":null}},"type":"if","locations":[{"start":{"line":138,"column":6},"end":{"line":143,"column":null}},{"start":{"line":140,"column":13},"end":{"line":143,"column":null}}],"line":138},"24":{"loc":{"start":{"line":153,"column":2},"end":{"line":153,"column":null}},"type":"if","locations":[{"start":{"line":153,"column":2},"end":{"line":153,"column":null}},{"start":{},"end":{}}],"line":153},"25":{"loc":{"start":{"line":157,"column":7},"end":{"line":160,"column":null}},"type":"binary-expr","locations":[{"start":{"line":157,"column":7},"end":{"line":157,"column":null}},{"start":{"line":158,"column":8},"end":{"line":160,"column":null}}],"line":157},"26":{"loc":{"start":{"line":165,"column":10},"end":{"line":167,"column":null}},"type":"cond-expr","locations":[{"start":{"line":166,"column":14},"end":{"line":166,"column":null}},{"start":{"line":167,"column":14},"end":{"line":167,"column":null}}],"line":165},"27":{"loc":{"start":{"line":169,"column":20},"end":{"line":169,"column":null}},"type":"cond-expr","locations":[{"start":{"line":169,"column":32},"end":{"line":169,"column":51}},{"start":{"line":169,"column":51},"end":{"line":169,"column":null}}],"line":169},"28":{"loc":{"start":{"line":171,"column":9},"end":{"line":171,"column":null}},"type":"cond-expr","locations":[{"start":{"line":171,"column":21},"end":{"line":171,"column":51}},{"start":{"line":171,"column":51},"end":{"line":171,"column":null}}],"line":171}},"s":{"0":2,"1":2,"2":2,"3":2,"4":2,"5":2,"6":2,"7":1,"8":1,"9":2,"10":0,"11":0,"12":0,"13":0,"14":0,"15":0,"16":0,"17":0,"18":2,"19":0,"20":0,"21":0,"22":0,"23":2,"24":0,"25":0,"26":0,"27":0,"28":0,"29":0,"30":0,"31":0,"32":0,"33":0,"34":0,"35":0,"36":0,"37":0,"38":0,"39":0,"40":0,"41":0,"42":0,"43":0,"44":0,"45":0,"46":0,"47":0,"48":0,"49":0,"50":0,"51":0,"52":0,"53":0,"54":0,"55":0,"56":0,"57":0,"58":0,"59":2,"60":0,"61":0,"62":0,"63":0,"64":0,"65":0,"66":0,"67":0,"68":0,"69":0,"70":0,"71":0,"72":0,"73":0,"74":0,"75":0,"76":0,"77":0,"78":0,"79":0,"80":0,"81":0,"82":0,"83":0,"84":0,"85":0,"86":0,"87":0,"88":0,"89":2,"90":1,"91":1},"f":{"0":2,"1":1,"2":0,"3":0,"4":0,"5":0,"6":0,"7":0,"8":0,"9":0,"10":0,"11":0,"12":0,"13":0,"14":0},"b":{"0":[2,0],"1":[1,0],"2":[0,0],"3":[0,0],"4":[0,0],"5":[0,0],"6":[0,0],"7":[0,0],"8":[0,0],"9":[0,0],"10":[0,0],"11":[0,0],"12":[0,0],"13":[0,0],"14":[0,0,0,0],"15":[0,0],"16":[0,0],"17":[0,0],"18":[0,0],"19":[0,0],"20":[0,0],"21":[0,0],"22":[0,0],"23":[0,0],"24":[1,1],"25":[1,0],"26":[0,1],"27":[0,1],"28":[0,1]},"meta":{"lastBranch":29,"lastFunction":15,"lastStatement":92,"seen":{"f:6:24:6:41":0,"s:7:32:7:Infinity":0,"s:8:32:8:Infinity":1,"s:9:30:9:Infinity":2,"s:11:8:11:Infinity":3,"s:12:15:12:Infinity":4,"s:15:28:15:Infinity":5,"b:15:28:15:56:15:56:15:Infinity":0,"s:17:2:21:Infinity":6,"f:17:12:17:18":1,"b:18:4:20:Infinity:undefined:undefined:undefined:undefined":1,"s:18:4:20:Infinity":7,"s:19:6:19:Infinity":8,"s:23:26:31:Infinity":9,"f:23:26:23:32":2,"s:24:4:24:Infinity":10,"s:25:24:25:Infinity":11,"b:25:24:25:69:25:69:25:Infinity":2,"s:26:22:26:Infinity":12,"s:27:4:27:Infinity":13,"b:27:46:27:56:27:56:27:Infinity":3,"b:27:81:27:91:27:91:27:Infinity":4,"s:28:4:28:Infinity":14,"s:29:4:29:Infinity":15,"s:30:4:30:Infinity":16,"f:30:15:30:21":3,"s:30:21:30:38":17,"s:33:22:37:Infinity":18,"f:33:22:33:28":4,"s:34:4:34:Infinity":19,"s:35:4:35:Infinity":20,"s:36:4:36:Infinity":21,"f:36:15:36:21":5,"s:36:21:36:38":22,"s:39:8:105:Infinity":23,"f:39:37:39:38":6,"s:40:17:40:Infinity":24,"b:42:4:45:Infinity:undefined:undefined:undefined:undefined":5,"s:42:4:45:Infinity":25,"s:43:6:43:Infinity":26,"s:44:6:44:Infinity":27,"b:46:4:49:Infinity:undefined:undefined:undefined:undefined":6,"s:46:4:49:Infinity":28,"s:47:6:47:Infinity":29,"s:48:6:48:Infinity":30,"b:50:4:53:Infinity:undefined:undefined:undefined:undefined":7,"s:50:4:53:Infinity":31,"b:50:8:50:41:50:41:50:76":8,"s:51:6:51:Infinity":32,"s:52:6:52:Infinity":33,"b:54:4:57:Infinity:undefined:undefined:undefined:undefined":9,"s:54:4:57:Infinity":34,"b:54:8:54:45:54:45:54:74":10,"s:55:6:55:Infinity":35,"s:56:6:56:Infinity":36,"b:58:4:61:Infinity:undefined:undefined:undefined:undefined":11,"s:58:4:61:Infinity":37,"b:58:8:58:43:58:43:58:71":12,"s:59:6:59:Infinity":38,"s:60:6:60:Infinity":39,"b:62:4:65:Infinity:undefined:undefined:undefined:undefined":13,"s:62:4:65:Infinity":40,"b:62:8:62:36:62:36:62:64:62:64:62:95:62:95:62:118":14,"s:63:6:63:Infinity":41,"s:64:6:64:Infinity":42,"b:66:4:69:Infinity:undefined:undefined:undefined:undefined":15,"s:66:4:69:Infinity":43,"b:66:8:66:43:66:43:66:71":16,"s:67:6:67:Infinity":44,"s:68:6:68:Infinity":45,"b:70:4:73:Infinity:undefined:undefined:undefined:undefined":17,"s:70:4:73:Infinity":46,"b:70:8:70:33:70:33:70:65":18,"s:71:6:71:Infinity":47,"s:72:6:72:Infinity":48,"s:76:22:76:Infinity":49,"b:77:4:100:Infinity:undefined:undefined:undefined:undefined":19,"s:77:4:100:Infinity":50,"s:78:28:78:Infinity":51,"s:79:24:94:Infinity":52,"f:94:13:94:18":7,"s:94:18:94:42":53,"b:96:6:99:Infinity:undefined:undefined:undefined:undefined":20,"s:96:6:99:Infinity":54,"s:97:8:97:Infinity":55,"s:98:8:98:Infinity":56,"s:103:4:103:Infinity":57,"s:104:4:104:Infinity":58,"s:107:23:151:Infinity":59,"f:107:23:107:29":8,"b:108:4:111:Infinity:undefined:undefined:undefined:undefined":21,"s:108:4:111:Infinity":60,"s:109:6:109:Infinity":61,"s:110:6:110:Infinity":62,"b:113:4:113:Infinity:undefined:undefined:undefined:undefined":22,"s:113:4:113:Infinity":63,"s:113:28:113:Infinity":64,"s:115:24:115:Infinity":65,"s:116:4:116:Infinity":66,"s:117:4:117:Infinity":67,"s:118:4:118:Infinity":68,"s:120:4:123:Infinity":69,"f:120:26:120:32":9,"s:121:6:121:Infinity":70,"s:122:6:122:Infinity":71,"s:125:4:132:Infinity":72,"f:125:27:125:28":10,"s:126:25:126:Infinity":73,"s:127:28:127:Infinity":74,"s:128:6:128:Infinity":75,"s:131:6:131:Infinity":76,"f:131:17:131:23":11,"s:131:23:131:40":77,"s:134:4:144:Infinity":78,"f:134:26:134:27":12,"s:135:6:135:Infinity":79,"s:136:6:136:Infinity":80,"b:138:6:143:Infinity:140:13:143:Infinity":23,"s:138:6:143:Infinity":81,"s:139:8:139:Infinity":82,"s:141:8:141:Infinity":83,"s:142:8:142:Infinity":84,"f:142:19:142:25":13,"s:142:25:142:42":85,"s:146:4:148:Infinity":86,"f:146:24:146:30":14,"s:147:6:147:Infinity":87,"s:150:4:150:Infinity":88,"b:153:2:153:Infinity:undefined:undefined:undefined:undefined":24,"s:153:2:153:Infinity":89,"s:153:18:153:Infinity":90,"s:155:2:173:Infinity":91,"b:157:7:157:Infinity:158:8:160:Infinity":25,"b:166:14:166:Infinity:167:14:167:Infinity":26,"b:169:32:169:51:169:51:169:Infinity":27,"b:171:21:171:51:171:51:171:Infinity":28},"fnNames":{}}}
,"C:\\promtwars\\src\\pages\\CitizenDashboard.tsx": {"path":"C:\\promtwars\\src\\pages\\CitizenDashboard.tsx","statementMap":{"0":{"start":{"line":53,"column":34},"end":{"line":81,"column":null}},"1":{"start":{"line":84,"column":12},"end":{"line":84,"column":null}},"2":{"start":{"line":85,"column":34},"end":{"line":85,"column":null}},"3":{"start":{"line":86,"column":38},"end":{"line":86,"column":null}},"4":{"start":{"line":87,"column":28},"end":{"line":87,"column":null}},"5":{"start":{"line":88,"column":30},"end":{"line":88,"column":null}},"6":{"start":{"line":89,"column":24},"end":{"line":89,"column":null}},"7":{"start":{"line":90,"column":32},"end":{"line":90,"column":null}},"8":{"start":{"line":92,"column":24},"end":{"line":99,"column":null}},"9":{"start":{"line":93,"column":16},"end":{"line":93,"column":null}},"10":{"start":{"line":94,"column":18},"end":{"line":94,"column":null}},"11":{"start":{"line":95,"column":4},"end":{"line":97,"column":null}},"12":{"start":{"line":95,"column":17},"end":{"line":95,"column":20}},"13":{"start":{"line":96,"column":6},"end":{"line":96,"column":null}},"14":{"start":{"line":98,"column":4},"end":{"line":98,"column":null}},"15":{"start":{"line":101,"column":24},"end":{"line":109,"column":null}},"16":{"start":{"line":102,"column":19},"end":{"line":102,"column":null}},"17":{"start":{"line":103,"column":4},"end":{"line":106,"column":null}},"18":{"start":{"line":104,"column":6},"end":{"line":104,"column":null}},"19":{"start":{"line":105,"column":6},"end":{"line":105,"column":null}},"20":{"start":{"line":107,"column":4},"end":{"line":107,"column":null}},"21":{"start":{"line":108,"column":4},"end":{"line":108,"column":null}},"22":{"start":{"line":111,"column":26},"end":{"line":118,"column":null}},"23":{"start":{"line":112,"column":4},"end":{"line":117,"column":null}},"24":{"start":{"line":113,"column":6},"end":{"line":113,"column":null}},"25":{"start":{"line":114,"column":6},"end":{"line":114,"column":null}},"26":{"start":{"line":116,"column":6},"end":{"line":116,"column":null}},"27":{"start":{"line":120,"column":27},"end":{"line":126,"column":null}},"28":{"start":{"line":121,"column":4},"end":{"line":121,"column":null}},"29":{"start":{"line":122,"column":4},"end":{"line":122,"column":null}},"30":{"start":{"line":123,"column":4},"end":{"line":123,"column":null}},"31":{"start":{"line":124,"column":4},"end":{"line":124,"column":null}},"32":{"start":{"line":125,"column":4},"end":{"line":125,"column":null}},"33":{"start":{"line":128,"column":23},"end":{"line":134,"column":null}},"34":{"start":{"line":129,"column":4},"end":{"line":129,"column":null}},"35":{"start":{"line":130,"column":4},"end":{"line":130,"column":null}},"36":{"start":{"line":131,"column":4},"end":{"line":131,"column":null}},"37":{"start":{"line":132,"column":4},"end":{"line":132,"column":null}},"38":{"start":{"line":133,"column":4},"end":{"line":133,"column":null}},"39":{"start":{"line":136,"column":2},"end":{"line":532,"column":null}},"40":{"start":{"line":193,"column":33},"end":{"line":193,"column":null}},"41":{"start":{"line":219,"column":37},"end":{"line":219,"column":null}},"42":{"start":{"line":230,"column":35},"end":{"line":230,"column":null}},"43":{"start":{"line":299,"column":29},"end":{"line":299,"column":null}},"44":{"start":{"line":309,"column":29},"end":{"line":309,"column":null}},"45":{"start":{"line":319,"column":29},"end":{"line":319,"column":null}},"46":{"start":{"line":423,"column":24},"end":{"line":433,"column":null}},"47":{"start":{"line":486,"column":20},"end":{"line":494,"column":null}},"48":{"start":{"line":521,"column":31},"end":{"line":521,"column":null}}},"fnMap":{"0":{"name":"CitizenDashboard","decl":{"start":{"line":83,"column":24},"end":{"line":83,"column":43}},"loc":{"start":{"line":83,"column":43},"end":{"line":534,"column":null}},"line":83},"1":{"name":"(anonymous_1)","decl":{"start":{"line":92,"column":24},"end":{"line":92,"column":25}},"loc":{"start":{"line":92,"column":41},"end":{"line":99,"column":null}},"line":92},"2":{"name":"(anonymous_2)","decl":{"start":{"line":101,"column":24},"end":{"line":101,"column":30}},"loc":{"start":{"line":101,"column":30},"end":{"line":109,"column":null}},"line":101},"3":{"name":"(anonymous_3)","decl":{"start":{"line":111,"column":26},"end":{"line":111,"column":32}},"loc":{"start":{"line":111,"column":32},"end":{"line":118,"column":null}},"line":111},"4":{"name":"(anonymous_4)","decl":{"start":{"line":120,"column":27},"end":{"line":120,"column":33}},"loc":{"start":{"line":120,"column":33},"end":{"line":126,"column":null}},"line":120},"5":{"name":"(anonymous_5)","decl":{"start":{"line":128,"column":23},"end":{"line":128,"column":29}},"loc":{"start":{"line":128,"column":29},"end":{"line":134,"column":null}},"line":128},"6":{"name":"(anonymous_6)","decl":{"start":{"line":193,"column":26},"end":{"line":193,"column":27}},"loc":{"start":{"line":193,"column":33},"end":{"line":193,"column":null}},"line":193},"7":{"name":"(anonymous_7)","decl":{"start":{"line":219,"column":30},"end":{"line":219,"column":31}},"loc":{"start":{"line":219,"column":37},"end":{"line":219,"column":null}},"line":219},"8":{"name":"(anonymous_8)","decl":{"start":{"line":230,"column":29},"end":{"line":230,"column":35}},"loc":{"start":{"line":230,"column":35},"end":{"line":230,"column":null}},"line":230},"9":{"name":"(anonymous_9)","decl":{"start":{"line":299,"column":23},"end":{"line":299,"column":29}},"loc":{"start":{"line":299,"column":29},"end":{"line":299,"column":null}},"line":299},"10":{"name":"(anonymous_10)","decl":{"start":{"line":309,"column":23},"end":{"line":309,"column":29}},"loc":{"start":{"line":309,"column":29},"end":{"line":309,"column":null}},"line":309},"11":{"name":"(anonymous_11)","decl":{"start":{"line":319,"column":23},"end":{"line":319,"column":29}},"loc":{"start":{"line":319,"column":29},"end":{"line":319,"column":null}},"line":319},"12":{"name":"(anonymous_12)","decl":{"start":{"line":422,"column":48},"end":{"line":422,"column":49}},"loc":{"start":{"line":423,"column":24},"end":{"line":433,"column":null}},"line":423},"13":{"name":"(anonymous_13)","decl":{"start":{"line":485,"column":46},"end":{"line":485,"column":47}},"loc":{"start":{"line":486,"column":20},"end":{"line":494,"column":null}},"line":486},"14":{"name":"(anonymous_14)","decl":{"start":{"line":521,"column":25},"end":{"line":521,"column":31}},"loc":{"start":{"line":521,"column":31},"end":{"line":521,"column":null}},"line":521}},"branchMap":{"0":{"loc":{"start":{"line":103,"column":4},"end":{"line":106,"column":null}},"type":"if","locations":[{"start":{"line":103,"column":4},"end":{"line":106,"column":null}},{"start":{},"end":{}}],"line":103},"1":{"loc":{"start":{"line":112,"column":4},"end":{"line":117,"column":null}},"type":"if","locations":[{"start":{"line":112,"column":4},"end":{"line":117,"column":null}},{"start":{"line":115,"column":11},"end":{"line":117,"column":null}}],"line":112},"2":{"loc":{"start":{"line":112,"column":8},"end":{"line":112,"column":94}},"type":"binary-expr","locations":[{"start":{"line":112,"column":8},"end":{"line":112,"column":40}},{"start":{"line":112,"column":40},"end":{"line":112,"column":72}},{"start":{"line":112,"column":72},"end":{"line":112,"column":94}}],"line":112},"3":{"loc":{"start":{"line":150,"column":9},"end":{"line":156,"column":null}},"type":"binary-expr","locations":[{"start":{"line":150,"column":9},"end":{"line":150,"column":null}},{"start":{"line":151,"column":10},"end":{"line":156,"column":null}}],"line":150},"4":{"loc":{"start":{"line":160,"column":7},"end":{"line":529,"column":null}},"type":"cond-expr","locations":[{"start":{"line":161,"column":8},"end":{"line":260,"column":null}},{"start":{"line":262,"column":8},"end":{"line":529,"column":null}}],"line":160},"5":{"loc":{"start":{"line":177,"column":11},"end":{"line":180,"column":null}},"type":"binary-expr","locations":[{"start":{"line":177,"column":11},"end":{"line":177,"column":null}},{"start":{"line":178,"column":12},"end":{"line":180,"column":null}}],"line":177},"6":{"loc":{"start":{"line":199,"column":13},"end":{"line":243,"column":null}},"type":"cond-expr","locations":[{"start":{"line":200,"column":14},"end":{"line":206,"column":null}},{"start":{"line":208,"column":14},"end":{"line":243,"column":null}}],"line":199},"7":{"loc":{"start":{"line":301,"column":16},"end":{"line":303,"column":null}},"type":"cond-expr","locations":[{"start":{"line":302,"column":20},"end":{"line":302,"column":null}},{"start":{"line":303,"column":20},"end":{"line":303,"column":null}}],"line":301},"8":{"loc":{"start":{"line":311,"column":16},"end":{"line":313,"column":null}},"type":"cond-expr","locations":[{"start":{"line":312,"column":20},"end":{"line":312,"column":null}},{"start":{"line":313,"column":20},"end":{"line":313,"column":null}}],"line":311},"9":{"loc":{"start":{"line":321,"column":16},"end":{"line":323,"column":null}},"type":"cond-expr","locations":[{"start":{"line":322,"column":20},"end":{"line":322,"column":null}},{"start":{"line":323,"column":20},"end":{"line":323,"column":null}}],"line":321},"10":{"loc":{"start":{"line":330,"column":11},"end":{"line":440,"column":null}},"type":"binary-expr","locations":[{"start":{"line":330,"column":11},"end":{"line":330,"column":null}},{"start":{"line":331,"column":12},"end":{"line":440,"column":null}}],"line":330},"11":{"loc":{"start":{"line":443,"column":11},"end":{"line":498,"column":null}},"type":"binary-expr","locations":[{"start":{"line":443,"column":11},"end":{"line":443,"column":null}},{"start":{"line":444,"column":12},"end":{"line":498,"column":null}}],"line":443},"12":{"loc":{"start":{"line":501,"column":11},"end":{"line":526,"column":null}},"type":"binary-expr","locations":[{"start":{"line":501,"column":11},"end":{"line":501,"column":null}},{"start":{"line":502,"column":12},"end":{"line":526,"column":null}}],"line":501}},"s":{"0":1,"1":10,"2":10,"3":10,"4":10,"5":10,"6":10,"7":10,"8":10,"9":1,"10":1,"11":1,"12":1,"13":3,"14":1,"15":10,"16":1,"17":1,"18":0,"19":0,"20":1,"21":1,"22":10,"23":1,"24":1,"25":1,"26":0,"27":10,"28":1,"29":1,"30":1,"31":1,"32":1,"33":10,"34":1,"35":1,"36":1,"37":1,"38":1,"39":10,"40":1,"41":1,"42":0,"43":0,"44":1,"45":1,"46":8,"47":2,"48":0},"f":{"0":10,"1":1,"2":1,"3":1,"4":1,"5":1,"6":1,"7":1,"8":0,"9":0,"10":1,"11":1,"12":8,"13":2,"14":0},"b":{"0":[0,1],"1":[1,0],"2":[1,0,0],"3":[10,4],"4":[6,4],"5":[6,0],"6":[4,2],"7":[2,2],"8":[1,3],"9":[1,3],"10":[4,2],"11":[4,1],"12":[4,1]},"meta":{"lastBranch":13,"lastFunction":15,"lastStatement":49,"seen":{"s:53:34:81:Infinity":0,"f:83:24:83:43":0,"s:84:12:84:Infinity":1,"s:85:34:85:Infinity":2,"s:86:38:86:Infinity":3,"s:87:28:87:Infinity":4,"s:88:30:88:Infinity":5,"s:89:24:89:Infinity":6,"s:90:32:90:Infinity":7,"s:92:24:99:Infinity":8,"f:92:24:92:25":1,"s:93:16:93:Infinity":9,"s:94:18:94:Infinity":10,"s:95:4:97:Infinity":11,"s:95:17:95:20":12,"s:96:6:96:Infinity":13,"s:98:4:98:Infinity":14,"s:101:24:109:Infinity":15,"f:101:24:101:30":2,"s:102:19:102:Infinity":16,"b:103:4:106:Infinity:undefined:undefined:undefined:undefined":0,"s:103:4:106:Infinity":17,"s:104:6:104:Infinity":18,"s:105:6:105:Infinity":19,"s:107:4:107:Infinity":20,"s:108:4:108:Infinity":21,"s:111:26:118:Infinity":22,"f:111:26:111:32":3,"b:112:4:117:Infinity:115:11:117:Infinity":1,"s:112:4:117:Infinity":23,"b:112:8:112:40:112:40:112:72:112:72:112:94":2,"s:113:6:113:Infinity":24,"s:114:6:114:Infinity":25,"s:116:6:116:Infinity":26,"s:120:27:126:Infinity":27,"f:120:27:120:33":4,"s:121:4:121:Infinity":28,"s:122:4:122:Infinity":29,"s:123:4:123:Infinity":30,"s:124:4:124:Infinity":31,"s:125:4:125:Infinity":32,"s:128:23:134:Infinity":33,"f:128:23:128:29":5,"s:129:4:129:Infinity":34,"s:130:4:130:Infinity":35,"s:131:4:131:Infinity":36,"s:132:4:132:Infinity":37,"s:133:4:133:Infinity":38,"s:136:2:532:Infinity":39,"b:150:9:150:Infinity:151:10:156:Infinity":3,"b:161:8:260:Infinity:262:8:529:Infinity":4,"b:177:11:177:Infinity:178:12:180:Infinity":5,"f:193:26:193:27":6,"s:193:33:193:Infinity":40,"b:200:14:206:Infinity:208:14:243:Infinity":6,"f:219:30:219:31":7,"s:219:37:219:Infinity":41,"f:230:29:230:35":8,"s:230:35:230:Infinity":42,"f:299:23:299:29":9,"s:299:29:299:Infinity":43,"b:302:20:302:Infinity:303:20:303:Infinity":7,"f:309:23:309:29":10,"s:309:29:309:Infinity":44,"b:312:20:312:Infinity:313:20:313:Infinity":8,"f:319:23:319:29":11,"s:319:29:319:Infinity":45,"b:322:20:322:Infinity:323:20:323:Infinity":9,"b:330:11:330:Infinity:331:12:440:Infinity":10,"f:422:48:422:49":12,"s:423:24:433:Infinity":46,"b:443:11:443:Infinity:444:12:498:Infinity":11,"f:485:46:485:47":13,"s:486:20:494:Infinity":47,"b:501:11:501:Infinity:502:12:526:Infinity":12,"f:521:25:521:31":14,"s:521:31:521:Infinity":48},"fnNames":{}}}
,"C:\\promtwars\\src\\pages\\DataViz.tsx": {"path":"C:\\promtwars\\src\\pages\\DataViz.tsx","statementMap":{"0":{"start":{"line":6,"column":21},"end":{"line":13,"column":null}},"1":{"start":{"line":15,"column":31},"end":{"line":18,"column":null}},"2":{"start":{"line":19,"column":15},"end":{"line":19,"column":null}},"3":{"start":{"line":22,"column":12},"end":{"line":22,"column":null}},"4":{"start":{"line":24,"column":2},"end":{"line":106,"column":null}},"5":{"start":{"line":85,"column":48},"end":{"line":85,"column":null}},"6":{"start":{"line":93,"column":20},"end":{"line":93,"column":null}}},"fnMap":{"0":{"name":"DataViz","decl":{"start":{"line":21,"column":24},"end":{"line":21,"column":34}},"loc":{"start":{"line":21,"column":34},"end":{"line":108,"column":null}},"line":21},"1":{"name":"(anonymous_1)","decl":{"start":{"line":85,"column":25},"end":{"line":85,"column":26}},"loc":{"start":{"line":85,"column":48},"end":{"line":85,"column":null}},"line":85},"2":{"name":"(anonymous_2)","decl":{"start":{"line":92,"column":46},"end":{"line":92,"column":47}},"loc":{"start":{"line":93,"column":20},"end":{"line":93,"column":null}},"line":93}},"branchMap":{},"s":{"0":1,"1":1,"2":1,"3":1,"4":1,"5":0,"6":2},"f":{"0":1,"1":0,"2":2},"b":{},"meta":{"lastBranch":0,"lastFunction":3,"lastStatement":7,"seen":{"s:6:21:13:Infinity":0,"s:15:31:18:Infinity":1,"s:19:15:19:Infinity":2,"f:21:24:21:34":0,"s:22:12:22:Infinity":3,"s:24:2:106:Infinity":4,"f:85:25:85:26":1,"s:85:48:85:Infinity":5,"f:92:46:92:47":2,"s:93:20:93:Infinity":6},"fnNames":{}}}
,"C:\\promtwars\\src\\pages\\EnumerationSummary.tsx": {"path":"C:\\promtwars\\src\\pages\\EnumerationSummary.tsx","statementMap":{"0":{"start":{"line":7,"column":22},"end":{"line":7,"column":null}},"1":{"start":{"line":9,"column":2},"end":{"line":14,"column":null}},"2":{"start":{"line":10,"column":18},"end":{"line":10,"column":null}},"3":{"start":{"line":11,"column":4},"end":{"line":13,"column":null}},"4":{"start":{"line":12,"column":6},"end":{"line":12,"column":null}},"5":{"start":{"line":16,"column":25},"end":{"line":18,"column":null}},"6":{"start":{"line":17,"column":4},"end":{"line":17,"column":null}},"7":{"start":{"line":20,"column":2},"end":{"line":30,"column":null}},"8":{"start":{"line":21,"column":4},"end":{"line":28,"column":null}},"9":{"start":{"line":33,"column":24},"end":{"line":33,"column":null}},"10":{"start":{"line":34,"column":21},"end":{"line":34,"column":null}},"11":{"start":{"line":35,"column":21},"end":{"line":35,"column":null}},"12":{"start":{"line":37,"column":2},"end":{"line":154,"column":null}}},"fnMap":{"0":{"name":"EnumerationSummary","decl":{"start":{"line":6,"column":24},"end":{"line":6,"column":45}},"loc":{"start":{"line":6,"column":45},"end":{"line":156,"column":null}},"line":6},"1":{"name":"(anonymous_1)","decl":{"start":{"line":9,"column":12},"end":{"line":9,"column":18}},"loc":{"start":{"line":9,"column":18},"end":{"line":14,"column":5}},"line":9},"2":{"name":"(anonymous_2)","decl":{"start":{"line":16,"column":25},"end":{"line":16,"column":31}},"loc":{"start":{"line":16,"column":31},"end":{"line":18,"column":null}},"line":16}},"branchMap":{"0":{"loc":{"start":{"line":11,"column":4},"end":{"line":13,"column":null}},"type":"if","locations":[{"start":{"line":11,"column":4},"end":{"line":13,"column":null}},{"start":{},"end":{}}],"line":11},"1":{"loc":{"start":{"line":20,"column":2},"end":{"line":30,"column":null}},"type":"if","locations":[{"start":{"line":20,"column":2},"end":{"line":30,"column":null}},{"start":{},"end":{}}],"line":20},"2":{"loc":{"start":{"line":69,"co
[...]
n":8},"end":{"line":268,"column":70}},"type":"binary-expr","locations":[{"start":{"line":268,"column":8},"end":{"line":268,"column":27}},{"start":{"line":268,"column":27},"end":{"line":268,"column":70}}],"line":268},"24":{"loc":{"start":{"line":298,"column":9},"end":{"line":298,"column":null}},"type":"cond-expr","locations":[{"start":{"line":298,"column":18},"end":{"line":298,"column":29}},{"start":{"line":298,"column":29},"end":{"line":298,"column":null}}],"line":298}},"s":{"0":2,"1":75,"2":16,"3":59,"4":10,"5":49,"6":12,"7":37,"8":2,"9":35,"10":5,"11":30,"12":8,"13":22,"14":3,"15":3,"16":3,"17":3,"18":3,"19":3,"20":111,"21":3,"22":0,"23":0,"24":0,"25":0,"26":0,"27":0,"28":0,"29":0,"30":0,"31":0,"32":0,"33":0,"34":0,"35":0,"36":0,"37":0,"38":0,"39":0,"40":0,"41":0,"42":0,"43":0,"44":0,"45":0,"46":0,"47":0,"48":0,"49":0,"50":0,"51":0,"52":0,"53":0,"54":0,"55":0,"56":3,"57":1,"58":75,"59":75,"60":75,"61":75,"62":75,"63":75,"64":75,"65":0,"66":0,"67":0,"68":0,"69":75,"70":0,"71":0,"72":0,"73":0,"74":75},"f":{"0":75,"1":3,"2":3,"3":111,"4":0,"5":0,"6":0,"7":0,"8":0,"9":0,"10":0,"11":0,"12":1,"13":75,"14":75,"15":0,"16":0,"17":0},"b":{"0":[16,59],"1":[10,49],"2":[12,37],"3":[2,35],"4":[5,30],"5":[35,32],"6":[8,22],"7":[0,0],"8":[0,0,0],"9":[0,0],"10":[0,0],"11":[0,0],"12":[0,0],"13":[0,0],"14":[0,0],"15":[0,0],"16":[0,3],"17":[3,0],"18":[75,20],"19":[22,53],"20":[22,53],"21":[3,0],"22":[0,0],"23":[0,0],"24":[0,75]},"meta":{"lastBranch":25,"lastFunction":18,"lastStatement":75,"seen":{"s:5:18:12:Infinity":0,"f:14:9:14:22":0,"b:15:2:23:Infinity:undefined:undefined:undefined:undefined":0,"s:15:2:23:Infinity":1,"s:16:4:22:Infinity":2,"b:24:2:32:Infinity:undefined:undefined:undefined:undefined":1,"s:24:2:32:Infinity":3,"s:25:4:31:Infinity":4,"b:33:2:41:Infinity:undefined:undefined:undefined:undefined":2,"s:33:2:41:Infinity":5,"s:34:4:40:Infinity":6,"b:42:2:50:Infinity:undefined:undefined:undefined:undefined":3,"s:42:2:50:Infinity":7,"s:43:4:49:Infinity":8,"b:51:2:59:Infinity:undefined:undefined:undefined:undefined":4,"s:51:2:59:Infinity":9,"b:51:6:51:27:51:27:51:52":5,"s:52:4:58:Infinity":10,"b:60:2:68:Infinity:undefined:undefined:undefined:undefined":6,"s:60:2:68:Infinity":11,"s:61:4:67:Infinity":12,"s:70:2:76:Infinity":13,"f:79:24:79:40":1,"s:80:12:80:Infinity":14,"s:81:34:81:Infinity":15,"s:83:44:83:Infinity":16,"s:84:40:84:Infinity":17,"s:86:25:91:Infinity":18,"f:86:39:86:Infinity":2,"s:87:4:89:Infinity":19,"f:87:21:87:Infinity":3,"s:88:6:88:Infinity":20,"s:93:29:135:Infinity":21,"f:93:29:93:35":4,"b:94:4:98:Infinity:undefined:undefined:undefined:undefined":7,"s:94:4:98:Infinity":22,"s:95:6:95:Infinity":23,"s:96:6:96:Infinity":24,"f:96:17:96:23":5,"s:96:23:96:45":25,"s:97:6:97:Infinity":26,"s:99:4:99:Infinity":27,"s:100:4:100:Infinity":28,"s:102:4:134:Infinity":29,"f:103:6:103:13":6,"s:104:8:127:Infinity":30,"s:105:42:105:Infinity":31,"s:106:22:106:Infinity":32,"s:107:23:107:Infinity":33,"s:108:26:108:Infinity":34,"b:108:26:108:49:108:49:108:73:108:73:108:Infinity":8,"b:110:10:121:Infinity:118:17:121:Infinity":9,"s:110:10:121:Infinity":35,"b:112:12:112:Infinity:undefined:undefined:undefined:undefined":10,"s:112:12:112:Infinity":36,"s:112:45:112:Infinity":37,"b:113:12:113:Infinity:undefined:undefined:undefined:undefined":11,"s:113:12:113:Infinity":38,"s:113:47:113:Infinity":39,"b:114:12:114:Infinity:undefined:undefined:undefined:undefined":12,"s:114:12:114:Infinity":40,"b:114:16:114:47:114:47:114:76":13,"s:114:76:114:Infinity":41,"s:116:26:116:Infinity":42,"f:116:41:116:46":7,"s:116:46:116:148":43,"b:116:46:116:99:116:99:116:148":14,"s:117:12:117:Infinity":44,"b:117:26:117:35:117:35:117:44":15,"s:119:12:119:Infinity":45,"s:120:12:120:Infinity":46,"f:120:23:120:29":8,"s:120:29:120:51":47,"s:123:10:123:Infinity":48,"s:124:10:124:Infinity":49,"f:124:21:124:27":9,"s:124:27:124:49":50,"s:126:10:126:Infinity":51,"f:129:6:129:7":10,"s:130:8:130:Infinity":52,"s:131:8:131:Infinity":53,"f:131:19:131:25":11,"s:131:25:131:47":54,"s:132:8:132:Infinity":55,"s:137:2:250:Infinity":56,"f:155:22:155:23":12,"s:155:29:155:Infinity":57,"b:164:14:164:Infinity:166:14:166:Infinity":16,"b:170:11:170:Infinity:171:12:173:Infinity":17,"f:198:34:198:35":13,"s:199:29:199:Infinity":58,"s:200:35:200:Infinity":59,"s:202:16:236:Infinity":60,"b:206:23:206:36:206:36:206:Infinity":18,"b:215:24:215:Infinity:217:24:220:Infinity":19,"b:225:24:225:Infinity:227:24:230:Infinity":20,"b:239:15:239:Infinity:240:16:244:Infinity":21,"f:255:9:255:25":14,"s:256:26:256:Infinity":61,"s:258:15:258:Infinity":62,"s:259:16:259:Infinity":63,"s:261:21:265:Infinity":64,"f:261:21:261:27":15,"s:262:4:262:Infinity":65,"s:263:4:263:Infinity":66,"s:264:4:264:Infinity":67,"f:264:15:264:21":16,"s:264:21:264:39":68,"s:267:22:280:Infinity":69,"f:267:22:267:34":17,"b:268:4:279:Infinity:277:11:279:Infinity":22,"s:268:4:279:Infinity":70,"b:268:8:268:27:268:27:268:70":23,"s:269:6:276:Infinity":71,"s:270:8:273:Infinity":72,"s:278:6:278:Infinity":73,"s:282:2:300:Infinity":74,"b:298:18:298:29:298:29:298:Infinity":24},"fnNames":{}}}
,"C:\\promtwars\\src\\pages\\TrustSafety.tsx": {"path":"C:\\promtwars\\src\\pages\\TrustSafety.tsx","statementMap":{"0":{"start":{"line":16,"column":12},"end":{"line":16,"column":null}},"1":{"start":{"line":17,"column":36},"end":{"line":17,"column":null}},"2":{"start":{"line":18,"column":42},"end":{"line":18,"column":null}},"3":{"start":{"line":19,"column":30},"end":{"line":19,"column":null}},"4":{"start":{"line":20,"column":40},"end":{"line":24,"column":null}},"5":{"start":{"line":26,"column":2},"end":{"line":49,"column":null}},"6":{"start":{"line":27,"column":4},"end":{"line":48,"column":null}},"7":{"start":{"line":28,"column":12},"end":{"line":28,"column":null}},"8":{"start":{"line":29,"column":12},"end":{"line":44,"column":null}},"9":{"start":{"line":30,"column":8},"end":{"line":41,"column":null}},"10":{"start":{"line":31,"column":40},"end":{"line":31,"column":null}},"11":{"start":{"line":32,"column":10},"end":{"line":39,"column":null}},"12":{"start":{"line":33,"column":25},"end":{"line":33,"column":null}},"13":{"start":{"line":34,"column":12},"end":{"line":38,"column":null}},"14":{"start":{"line":40,"column":10},"end":{"line":40,"column":null}},"15":{"start":{"line":43,"column":8},"end":{"line":43,"column":null}},"16":{"start":{"line":45,"column":6},"end":{"line":45,"column":null}},"17":{"start":{"line":45,"column":19},"end":{"line":45,"column":null}},"18":{"start":{"line":47,"column":6},"end":{"line":47,"column":null}},"19":{"start":{"line":51,"column":32},"end":{"line":64,"column":null}},"20":{"start":{"line":52,"column":4},"end":{"line":52,"column":null}},"21":{"start":{"line":52,"column":34},"end":{"line":52,"column":null}},"22":{"start":{"line":53,"column":4},"end":{"line":63,"column":null}},"23":{"start":{"line":54,"column":6},"end":{"line":58,"column":null}},"24":{"start":{"line":59,"column":6},"end":{"line":59,"column":null}},"25":{"start":{"line":61,"column":6},"end":{"line":61,"column":null}},"26":{"start":{"line":62,"column":6},"end":{"line":62,"column":null}},"27":{"start":{"line":66,"column":22},"end":{"line":106,"column":null}},"28":{"start":{"line":67,"column":4},"end":{"line":67,"column":null}},"29":{"start":{"line":67,"column":29},"end":{"line":67,"column":null}},"30":{"start":{"line":69,"column":4},"end":{"line":69,"column":null}},"31":{"start":{"line":70,"column":4},"end":{"line":70,"column":null}},"32":{"start":{"line":72,"column":4},"end":{"line":105,"column":null}},"33":{"start":{"line":73,"column":21},"end":{"line":73,"column":null}},"34":{"start":{"line":79,"column":18},"end":{"line":83,"column":null}},"35":{"start":{"line":85,"column":19},"end":{"line":85,"column":null}},"36":{"start":{"line":86,"column":19},"end":{"line":86,"column":null}},"37":{"start":{"line":88,"column":51},"end":{"line":88,"column":null}},"38":{"start":{"line":89,"column":6},"end":{"line":90,"column":null}},"39":{"start":{"line":89,"column":47},"end":{"line":89,"column":null}},"40":{"start":{"line":89,"column":56},"end":{"line":90,"column":null}},"41":{"start":{"line":90,"column":52},"end":{"line":90,"column":null}},"42":{"start":{"line":92,"column":6},"end":{"line":94,"column":null}},"43":{"start":{"line":93,"column":8},"end":{"line":93,"column":null}},"44":{"start":{"line":96,"column":6},"end":{"line":96,"column":null}},"45":{"start":{"line":99,"column":20},"end":{"line":99,"column":null}},"46":{"start":{"line":100,"column":6},"end":{"line":104,"column":null}},"47":{"start":{"line":101,"column":8},"end":{"line":101,"column":null}},"48":{"start":{"line":103,"column":8},"end":{"line":103,"column":null}},"49":{"start":{"line":108,"column":2},"end":{"line":242,"column":null}},"50":{"start":{"line":138,"column":33},"end":{"line":138,"column":null}},"51":{"start":{"line":193,"column":16},"end":{"line":196,"column":null}}},"fnMap":{"0":{"name":"TrustSafety","decl":{"start":{"line":15,"column":24},"end":{"line":15,"column":38}},"loc":{"start":{"line":15,"column":38},"end":{"line":244,"column":null}},"line":15},"1":{"name":"(anonymous_1)","decl":{"start":{"line":26,"column":12},"end":{"line":26,"column":18}},"loc":{"start":{"line":26,"column":18},"end":{"line":49,"column":5}},"line":26},"2":{"name":"(anonymous_2)","decl":{"start":{"line":29,"column":40},"end":{"line":29,"column":41}},"loc":{"start":{"line":29,"column":54},"end":{"line":42,"column":9}},"line":29},"3":{"name":"(anonymous_3)","decl":{"start":{"line":32,"column":27},"end":{"line":32,"column":28}},"loc":{"start":{"line":32,"column":36},"end":{"line":39,"column":11}},"line":32},"4":{"name":"(anonymous_4)","decl":{"start":{"line":42,"column":9},"end":{"line":42,"column":10}},"loc":{"start":{"line":42,"column":18},"end":{"line":44,"column":7}},"line":42},"5":{"name":"(anonymous_5)","decl":{"start":{"line":45,"column":13},"end":{"line":45,"column":19}},"loc":{"start":{"line":45,"column":19},"end":{"line":45,"column":null}},"line":45},"6":{"name":"(anonymous_6)","decl":{"start":{"line":51,"column":32},"end":{"line":51,"column":44}},"loc":{"start":{"line":51,"column":44},"end":{"line":64,"column":null}},"line":51},"7":{"name":"(anonymous_7)","decl":{"start":{"line":66,"column":22},"end":{"line":66,"column":34}},"loc":{"start":{"line":66,"column":34},"end":{"line":106,"column":null}},"line":66},"8":{"name":"(anonymous_8)","decl":{"start":{"line":138,"column":26},"end":{"line":138,"column":27}},"loc":{"start":{"line":138,"column":33},"end":{"line":138,"column":null}},"line":138},"9":{"name":"(anonymous_9)","decl":{"start":{"line":192,"column":45},"end":{"line":192,"column":46}},"loc":{"start":{"line":193,"column":16},"end":{"line":196,"column":null}},"line":193}},"branchMap":{"0":{"loc":{"start":{"line":30,"column":8},"end":{"line":41,"column":null}},"type":"if","locations":[{"start":{"line":30,"column":8},"end":{"line":41,"column":null}},{"start":{},"end":{}}],"line":30},"1":{"loc":{"start":{"line":36,"column":23},"end":{"line":36,"column":null}},"type":"binary-expr","locations":[{"start":{"line":36,"column":23},"end":{"line":36,"column":39}},{"start":{"line":36,"column":39},"end":{"line":36,"column":null}}],"line":36},"2":{"loc":{"start":{"line":37,"column":22},"end":{"line":37,"column":null}},"type":"binary-expr","locations":[{"start":{"line":37,"column":22},"end":{"line":37,"column":37}},{"start":{"line":37,"column":37},"end":{"line":37,"column":null}}],"line":37},"3":{"loc":{"start":{"line":52,"column":4},"end":{"line":52,"column":null}},"type":"if","locations":[{"start":{"line":52,"column":4},"end":{"line":52,"column":null}},{"start":{},"end":{}}],"line":52},"4":{"loc":{"start":{"line":52,"column":8},"end":{"line":52,"column":34}},"type":"binary-expr","locations":[{"start":{"line":52,"column":8},"end":{"line":52,"column":24}},{"start":{"line":52,"column":24},"end":{"line":52,"column":34}}],"line":52},"5":{"loc":{"start":{"line":67,"column":4},"end":{"line":67,"column":null}},"type":"if","locations":[{"start":{"line":67,"column":4},"end":{"line":67,"column":null}},{"start":{},"end":{}}],"line":67},"6":{"loc":{"start":{"line":86,"column":19},"end":{"line":86,"column":null}},"type":"binary-expr","locations":[{"start":{"line":86,"column":19},"end":{"line":86,"column":32}},{"start":{"line":86,"column":32},"end":{"line":86,"column":null}}],"line":86},"7":{"loc":{"start":{"line":89,"column":6},"end":{"line":90,"column":null}},"type":"if","locations":[{"start":{"line":89,"column":6},"end":{"line":90,"column":null}},{"start":{"line":89,"column":56},"end":{"line":90,"column":null}}],"line":89},"8":{"loc":{"start":{"line":89,"column":56},"end":{"line":90,"column":null}},"type":"if","locations":[{"start":{"line":89,"column":56},"end":{"line":90,"column":null}},{"start":{},"end":{}}],"line":89},"9":{"loc":{"start":{"line":92,"column":6},"end":{"line":94,"column":null}},"type":"if","locations":[{"start":{"line":92,"column":6},"end":{"line":94,"column":null}},{"start":{},"end":{}}],"line":92},"10":{"loc":{"start":{"line":92,"column":10},"end":{"line":92,"column":67}},"type":"binary-expr","locations":[{"start":{"line":92,"column":10},"end":{"line":92,"column":60}},{"start":{"line":92,"column":60},"end":{"line":92,"column":67}}],"line":92},"11":{"loc":{"start":{"line":100,"column":6},"end":{"line":104,"column":null}},"type":"if","locations":[{"start":{"line":100,"column":6},"end":{"line":104,"column":null}},{"start":{"line":102,"column":13},"end":{"line":104,"column":null}}],"line":100},"12":{"loc":{"start":{"line":100,"column":10},"end":{"line":100,"column":161}},"type":"binary-expr","locations":[{"start":{"line":100,"column":10},"end":{"line":100,"column":35}},{"start":{"line":100,"column":35},"end":{"line":100,"column":61}},{"start":{"line":100,"column":61},"end":{"line":100,"column":87}},{"start":{"line":100,"column":87},"end":{"line":100,"column":113}},{"start":{"line":100,"column":113},"end":{"line":100,"column":138}},{"start":{"line":100,"column":138},"end":{"line":100,"column":161}}],"line":100},"13":{"loc":{"start":{"line":145,"column":24},"end":{"line":145,"column":null}},"type":"binary-expr","locations":[{"start":{"line":145,"column":24},"end":{"line":145,"column":63}},{"start":{"line":145,"column":63},"end":{"line":145,"column":null}}],"line":145},"14":{"loc":{"start":{"line":148,"column":15},"end":{"line":148,"column":null}},"type":"cond-expr","locations":[{"start":{"line":148,"column":53},"end":{"line":148,"column":70}},{"start":{"line":148,"column":70},"end":{"line":148,"column":null}}],"line":148},"15":{"loc":{"start":{"line":151,"column":13},"end":{"line":178,"column":null}},"type":"binary-expr","locations":[{"start":{"line":151,"column":13},"end":{"line":151,"column":49}},{"start":{"line":151,"column":49},"end":{"line":151,"column":null}},{"start":{"line":152,"column":14},"end":{"line":178,"column":null}}],"line":151},"16":{"loc":{"start":{"line":153,"column":16},"end":{"line":155,"column":null}},"type":"cond-expr","locations":[{"start":{"line":153,"column":51},"end":{"line":153,"column":null}},{"start":{"line":154,"column":16},"end":{"line":155,"column":null}}],"line":153},"17":{"loc":{"start":{"line":154,"column":16},"end":{"line":155,"column":null}},"type":"cond-expr","locations":[{"start":{"line":154,"column":51},"end":{"line":154,"column":null}},{"start":{"line":155,"column":16},"end":{"line":155,"column":null}}],"line":154},"18":{"loc":{"start":{"line":158,"column":19},"end":{"line":158,"column":null}},"type":"binary-expr","locations":[{"start":{"line":158,"column":19},"end":{"line":158,"column":55}},{"start":{"line":158,"column":55},"end":{"line":158,"column":null}}],"line":158},"19":{"loc":{"start":{"line":159,"column":19},"end":{"line":159,"column":null}},"type":"binary-expr","locations":[{"start":{"line":159,"column":19},"end":{"line":159,"column":55}},{"start":{"line":159,"column":55},"end":{"line":159,"column":null}}],"line":159},"20":{"loc":{"start":{"line":160,"column":19},"end":{"line":160,"column":null}},"type":"binary-expr","locations":[{"start":{"line":160,"column":19},"end":{"line":160,"column":61}},{"start":{"line":160,"column":61},"end":{"line":160,"column":null}}],"line":160},"21":{"loc":{"start":{"line":168,"column":17},"end":{"line":176,"column":null}},"type":"binary-expr","locations":[{"start":{"line":168,"column":17},"end":{"line":168,"column":null}},{"start":{"line":169,"column":18},"end":{"line":176,"column":null}}],"line":168},"22":{"loc":{"start":{"line":175,"column":21},"end":{"line":175,"column":null}},"type":"cond-expr","locations":[{"start":{"line":175,"column":32},"end":{"line":175,"column":68}},{"start":{"line":175,"column":68},"end":{"line":175,"column":null}}],"line":175}},"s":{"0":13,"1":13,"2":13,"3":13,"4":13,"5":13,"6":4,"7":4,"8":4,"9":0,"10":0,"11":0,"12":0,"13":0,"14":0,"15":0,"16":4,"17":4,"18":0,"19":13,"20":0,"21":0,"22":0,"23":0,"24":0,"25":0,"26":0,"27":13,"28":3,"29":0,"30":3,"31":3,"32":3,"33":3,"34":3,"35":1,"36":1,"37":3,"38":3,"39":0,"40":1,"41":1,"42":1,"43":0,"44":1,"45":2,"46":2,"47":1,"48":1,"49":13,"50":3,"51":39},"f":{"0":13,"1":4,"2":0,"3":0,"4":0,"5":4,"6":0,"7":3,"8":3,"9":39},"b":{"0":[0,0],"1":[0,0],"2":[0,0],"3":[0,0],"4":[0,0],"5":[0,3],"6":[1,0],"7":[0,1],"8":[1,0],"9":[0,1],"10":[1,1],"11":[1,1],"12":[2,1,1,1,1,1],"13":[13,10],"14":[3,10],"15":[13,6,3],"16":[1,2],"17":[1,1],"18":[3,1],"19":[3,1],"20":[3,1],"21":[3,1],"22":[0,1]},"meta":{"lastBranch":23,"lastFunction":10,"lastStatement":52,"seen":{"f:15:24:15:38":0,"s:16:12:16:Infinity":0,"s:17:36:17:Infinity":1,"s:18:42:18:Infinity":2,"s:19:30:19:Infinity":3,"s:20:40:24:Infinity":4,"s:26:2:49:Infinity":5,"f:26:12:26:18":1,"s:27:4:48:Infinity":6,"s:28:12:28:Infinity":7,"s:29:12:44:Infinity":8,"f:29:40:29:41":2,"b:30:8:41:Infinity:undefined:undefined:undefined:undefined":0,"s:30:8:41:Infinity":9,"s:31:40:31:Infinity":10,"s:32:10:39:Infinity":11,"f:32:27:32:28":3,"s:33:25:33:Infinity":12,"s:34:12:38:Infinity":13,"b:36:23:36:39:36:39:36:Infinity":1,"b:37:22:37:37:37:37:37:Infinity":2,"s:40:10:40:Infinity":14,"f:42:9:42:10":4,"s:43:8:43:Infinity":15,"s:45:6:45:Infinity":16,"f:45:13:45:19":5,"s:45:19:45:Infinity":17,"s:47:6:47:Infinity":18,"s:51:32:64:Infinity":19,"f:51:32:51:44":6,"b:52:4:52:Infinity:undefined:undefined:undefined:undefined":3,"s:52:4:52:Infinity":20,"b:52:8:52:24:52:24:52:34":4,"s:52:34:52:Infinity":21,"s:53:4:63:Infinity":22,"s:54:6:58:Infinity":23,"s:59:6:59:Infinity":24,"s:61:6:61:Infinity":25,"s:62:6:62:Infinity":26,"s:66:22:106:Infinity":27,"f:66:22:66:34":7,"b:67:4:67:Infinity:undefined:undefined:undefined:undefined":5,"s:67:4:67:Infinity":28,"s:67:29:67:Infinity":29,"s:69:4:69:Infinity":30,"s:70:4:70:Infinity":31,"s:72:4:105:Infinity":32,"s:73:21:73:Infinity":33,"s:79:18:83:Infinity":34,"s:85:19:85:Infinity":35,"s:86:19:86:Infinity":36,"b:86:19:86:32:86:32:86:Infinity":6,"s:88:51:88:Infinity":37,"b:89:6:90:Infinity:89:56:90:Infinity":7,"s:89:6:90:Infinity":38,"s:89:47:89:Infinity":39,"b:89:56:90:Infinity:undefined:undefined:undefined:undefined":8,"s:89:56:90:Infinity":40,"s:90:52:90:Infinity":41,"b:92:6:94:Infinity:undefined:undefined:undefined:undefined":9,"s:92:6:94:Infinity":42,"b:92:10:92:60:92:60:92:67":10,"s:93:8:93:Infinity":43,"s:96:6:96:Infinity":44,"s:99:20:99:Infinity":45,"b:100:6:104:Infinity:102:13:104:Infinity":11,"s:100:6:104:Infinity":46,"b:100:10:100:35:100:35:100:61:100:61:100:87:100:87:100:113:100:113:100:138:100:138:100:161":12,"s:101:8:101:Infinity":47,"s:103:8:103:Infinity":48,"s:108:2:242:Infinity":49,"f:138:26:138:27":8,"s:138:33:138:Infinity":50,"b:145:24:145:63:145:63:145:Infinity":13,"b:148:53:148:70:148:70:148:Infinity":14,"b:151:13:151:49:151:49:151:Infinity:152:14:178:Infinity":15,"b:153:51:153:Infinity:154:16:155:Infinity":16,"b:154:51:154:Infinity:155:16:155:Infinity":17,"b:158:19:158:55:158:55:158:Infinity":18,"b:159:19:159:55:159:55:159:Infinity":19,"b:160:19:160:61:160:61:160:Infinity":20,"b:168:17:168:Infinity:169:18:176:Infinity":21,"b:175:32:175:68:175:68:175:Infinity":22,"f:192:45:192:46":9,"s:193:16:196:Infinity":51},"fnNames":{}}}
}
